{"/Users/praveenvoruganti/Library/Mobile Documents/com~apple~CloudDocs/Documents/Portfolio/my-portfolio/src/App.tsx": {"path":"/Users/praveenvoruganti/Library/Mobile Documents/com~apple~CloudDocs/Documents/Portfolio/my-portfolio/src/App.tsx","statementMap":{"0":{"start":{"line":18,"column":8},"end":{"line":18,"column":null}},"1":{"start":{"line":19,"column":8},"end":{"line":19,"column":null}},"2":{"start":{"line":20,"column":8},"end":{"line":20,"column":null}},"3":{"start":{"line":21,"column":8},"end":{"line":21,"column":null}},"4":{"start":{"line":22,"column":8},"end":{"line":22,"column":null}},"5":{"start":{"line":23,"column":8},"end":{"line":23,"column":null}},"6":{"start":{"line":32,"column":43},"end":{"line":34,"column":null}},"7":{"start":{"line":33,"column":4},"end":{"line":33,"column":null}},"8":{"start":{"line":36,"column":2},"end":{"line":88,"column":null}}},"fnMap":{"0":{"name":"App","decl":{"start":{"line":17,"column":9},"end":{"line":17,"column":15}},"loc":{"start":{"line":17,"column":15},"end":{"line":90,"column":null}},"line":17},"1":{"name":"(anonymous_1)","decl":{"start":{"line":32,"column":43},"end":{"line":32,"column":44}},"loc":{"start":{"line":32,"column":52},"end":{"line":34,"column":null}},"line":32}},"branchMap":{},"s":{"0":3,"1":3,"2":3,"3":3,"4":3,"5":3,"6":3,"7":1,"8":3},"f":{"0":3,"1":1},"b":{},"meta":{"lastBranch":0,"lastFunction":2,"lastStatement":9,"seen":{"f:17:9:17:15":0,"s:18:8:18:Infinity":0,"s:19:8:19:Infinity":1,"s:20:8:20:Infinity":2,"s:21:8:21:Infinity":3,"s:22:8:22:Infinity":4,"s:23:8:23:Infinity":5,"s:32:43:34:Infinity":6,"f:32:43:32:44":1,"s:33:4:33:Infinity":7,"s:36:2:88:Infinity":8}}}
,"/Users/praveenvoruganti/Library/Mobile Documents/com~apple~CloudDocs/Documents/Portfolio/my-portfolio/src/components/Background/Background.tsx": {"path":"/Users/praveenvoruganti/Library/Mobile Documents/com~apple~CloudDocs/Documents/Portfolio/my-portfolio/src/components/Background/Background.tsx","statementMap":{"0":{"start":{"line":5,"column":10},"end":{"line":5,"column":null}},"1":{"start":{"line":7,"column":4},"end":{"line":103,"column":null}},"2":{"start":{"line":8,"column":23},"end":{"line":8,"column":null}},"3":{"start":{"line":9,"column":8},"end":{"line":9,"column":null}},"4":{"start":{"line":9,"column":21},"end":{"line":9,"column":null}},"5":{"start":{"line":11,"column":20},"end":{"line":11,"column":null}},"6":{"start":{"line":12,"column":8},"end":{"line":12,"column":null}},"7":{"start":{"line":12,"column":18},"end":{"line":12,"column":null}},"8":{"start":{"line":14,"column":20},"end":{"line":14,"column":null}},"9":{"start":{"line":15,"column":21},"end":{"line":15,"column":null}},"10":{"start":{"line":16,"column":8},"end":{"line":16,"column":null}},"11":{"start":{"line":17,"column":8},"end":{"line":17,"column":null}},"12":{"start":{"line":19,"column":38},"end":{"line":19,"column":null}},"13":{"start":{"line":20,"column":30},"end":{"line":20,"column":null}},"14":{"start":{"line":21,"column":35},"end":{"line":21,"column":null}},"15":{"start":{"line":31,"column":16},"end":{"line":31,"column":null}},"16":{"start":{"line":32,"column":16},"end":{"line":32,"column":null}},"17":{"start":{"line":33,"column":16},"end":{"line":33,"column":null}},"18":{"start":{"line":34,"column":16},"end":{"line":34,"column":null}},"19":{"start":{"line":35,"column":16},"end":{"line":35,"column":null}},"20":{"start":{"line":39,"column":16},"end":{"line":39,"column":null}},"21":{"start":{"line":40,"column":16},"end":{"line":40,"column":null}},"22":{"start":{"line":43,"column":16},"end":{"line":43,"column":null}},"23":{"start":{"line":43,"column":50},"end":{"line":43,"column":null}},"24":{"start":{"line":44,"column":16},"end":{"line":44,"column":null}},"25":{"start":{"line":44,"column":51},"end":{"line":44,"column":null}},"26":{"start":{"line":48,"column":16},"end":{"line":48,"column":null}},"27":{"start":{"line":48,"column":26},"end":{"line":48,"column":null}},"28":{"start":{"line":49,"column":16},"end":{"line":49,"column":null}},"29":{"start":{"line":50,"column":16},"end":{"line":50,"column":null}},"30":{"start":{"line":51,"column":16},"end":{"line":51,"column":null}},"31":{"start":{"line":52,"column":16},"end":{"line":52,"column":null}},"32":{"start":{"line":57,"column":8},"end":{"line":59,"column":null}},"33":{"start":{"line":57,"column":21},"end":{"line":57,"column":24}},"34":{"start":{"line":58,"column":12},"end":{"line":58,"column":null}},"35":{"start":{"line":62,"column":12},"end":{"line":62,"column":null}},"36":{"start":{"line":62,"column":33},"end":{"line":62,"column":null}},"37":{"start":{"line":63,"column":12},"end":{"line":63,"column":null}},"38":{"start":{"line":66,"column":12},"end":{"line":69,"column":null}},"39":{"start":{"line":67,"column":16},"end":{"line":67,"column":null}},"40":{"start":{"line":68,"column":16},"end":{"line":68,"column":null}},"41":{"start":{"line":72,"column":12},"end":{"line":87,"column":null}},"42":{"start":{"line":72,"column":25},"end":{"line":72,"column":28}},"43":{"start":{"line":73,"column":16},"end":{"line":86,"column":null}},"44":{"start":{"line":73,"column":29},"end":{"line":73,"column":36}},"45":{"start":{"line":74,"column":31},"end":{"line":74,"column":null}},"46":{"start":{"line":75,"column":31},"end":{"line":75,"column":null}},"47":{"start":{"line":76,"column":37},"end":{"line":76,"column":null}},"48":{"start":{"line":78,"column":20},"end":{"line":85,"column":null}},"49":{"start":{"line":79,"column":24},"end":{"line":79,"column":null}},"50":{"start":{"line":80,"column":24},"end":{"line":80,"column":null}},"51":{"start":{"line":81,"column":24},"end":{"line":81,"column":null}},"52":{"start":{"line":82,"column":24},"end":{"line":82,"column":null}},"53":{"start":{"line":83,"column":24},"end":{"line":83,"column":null}},"54":{"start":{"line":84,"column":24},"end":{"line":84,"column":null}},"55":{"start":{"line":89,"column":12},"end":{"line":89,"column":null}},"56":{"start":{"line":92,"column":8},"end":{"line":92,"column":null}},"57":{"start":{"line":94,"column":29},"end":{"line":99,"column":null}},"58":{"start":{"line":95,"column":12},"end":{"line":95,"column":null}},"59":{"start":{"line":96,"column":12},"end":{"line":96,"column":null}},"60":{"start":{"line":97,"column":12},"end":{"line":97,"column":null}},"61":{"start":{"line":98,"column":12},"end":{"line":98,"column":null}},"62":{"start":{"line":101,"column":8},"end":{"line":101,"column":null}},"63":{"start":{"line":102,"column":8},"end":{"line":102,"column":null}},"64":{"start":{"line":102,"column":21},"end":{"line":102,"column":null}},"65":{"start":{"line":105,"column":4},"end":{"line":105,"column":null}}},"fnMap":{"0":{"name":"Background","decl":{"start":{"line":4,"column":24},"end":{"line":4,"column":37}},"loc":{"start":{"line":4,"column":37},"end":{"line":106,"column":null}},"line":4},"1":{"name":"(anonymous_1)","decl":{"start":{"line":7,"column":14},"end":{"line":7,"column":20}},"loc":{"start":{"line":7,"column":20},"end":{"line":103,"column":7}},"line":7},"2":{"name":"(anonymous_2)","decl":{"start":{"line":30,"column":12},"end":{"line":30,"column":26}},"loc":{"start":{"line":30,"column":26},"end":{"line":36,"column":null}},"line":30},"3":{"name":"(anonymous_3)","decl":{"start":{"line":38,"column":12},"end":{"line":38,"column":21}},"loc":{"start":{"line":38,"column":21},"end":{"line":45,"column":null}},"line":38},"4":{"name":"(anonymous_4)","decl":{"start":{"line":47,"column":12},"end":{"line":47,"column":19}},"loc":{"start":{"line":47,"column":19},"end":{"line":53,"column":null}},"line":47},"5":{"name":"animate","decl":{"start":{"line":61,"column":17},"end":{"line":61,"column":27}},"loc":{"start":{"line":61,"column":27},"end":{"line":90,"column":null}},"line":61},"6":{"name":"(anonymous_6)","decl":{"start":{"line":66,"column":30},"end":{"line":66,"column":31}},"loc":{"start":{"line":66,"column":44},"end":{"line":69,"column":13}},"line":66},"7":{"name":"(anonymous_7)","decl":{"start":{"line":94,"column":29},"end":{"line":94,"column":35}},"loc":{"start":{"line":94,"column":35},"end":{"line":99,"column":null}},"line":94},"8":{"name":"(anonymous_8)","decl":{"start":{"line":102,"column":15},"end":{"line":102,"column":21}},"loc":{"start":{"line":102,"column":21},"end":{"line":102,"column":null}},"line":102}},"branchMap":{"0":{"loc":{"start":{"line":9,"column":8},"end":{"line":9,"column":null}},"type":"if","locations":[{"start":{"line":9,"column":8},"end":{"line":9,"column":null}},{"start":{},"end":{}}],"line":9},"1":{"loc":{"start":{"line":12,"column":8},"end":{"line":12,"column":null}},"type":"if","locations":[{"start":{"line":12,"column":8},"end":{"line":12,"column":null}},{"start":{},"end":{}}],"line":12},"2":{"loc":{"start":{"line":43,"column":16},"end":{"line":43,"column":null}},"type":"if","locations":[{"start":{"line":43,"column":16},"end":{"line":43,"column":null}},{"start":{},"end":{}}],"line":43},"3":{"loc":{"start":{"line":43,"column":20},"end":{"line":43,"column":50}},"type":"binary-expr","locations":[{"start":{"line":43,"column":20},"end":{"line":43,"column":34}},{"start":{"line":43,"column":34},"end":{"line":43,"column":50}}],"line":43},"4":{"loc":{"start":{"line":44,"column":16},"end":{"line":44,"column":null}},"type":"if","locations":[{"start":{"line":44,"column":16},"end":{"line":44,"column":null}},{"start":{},"end":{}}],"line":44},"5":{"loc":{"start":{"line":44,"column":20},"end":{"line":44,"column":51}},"type":"binary-expr","locations":[{"start":{"line":44,"column":20},"end":{"line":44,"column":34}},{"start":{"line":44,"column":34},"end":{"line":44,"column":51}}],"line":44},"6":{"loc":{"start":{"line":48,"column":16},"end":{"line":48,"column":null}},"type":"if","locations":[{"start":{"line":48,"column":16},"end":{"line":48,"column":null}},{"start":{},"end":{}}],"line":48},"7":{"loc":{"start":{"line":62,"column":12},"end":{"line":62,"column":null}},"type":"if","locations":[{"start":{"line":62,"column":12},"end":{"line":62,"column":null}},{"start":{},"end":{}}],"line":62},"8":{"loc":{"start":{"line":62,"column":16},"end":{"line":62,"column":33}},"type":"binary-expr","locations":[{"start":{"line":62,"column":16},"end":{"line":62,"column":24}},{"start":{"line":62,"column":24},"end":{"line":62,"column":33}}],"line":62},"9":{"loc":{"start":{"line":78,"column":20},"end":{"line":85,"column":null}},"type":"if","locations":[{"start":{"line":78,"column":20},"end":{"line":85,"column":null}},{"start":{},"end":{}}],"line":78}},"s":{"0":4,"1":4,"2":4,"3":4,"4":0,"5":4,"6":4,"7":4,"8":0,"9":0,"10":0,"11":0,"12":0,"13":0,"14":0,"15":0,"16":0,"17":0,"18":0,"19":0,"20":0,"21":0,"22":0,"23":0,"24":0,"25":0,"26":0,"27":0,"28":0,"29":0,"30":0,"31":0,"32":0,"33":0,"34":0,"35":0,"36":0,"37":0,"38":0,"39":0,"40":0,"41":0,"42":0,"43":0,"44":0,"45":0,"46":0,"47":0,"48":0,"49":0,"50":0,"51":0,"52":0,"53":0,"54":0,"55":0,"56":0,"57":0,"58":0,"59":0,"60":0,"61":0,"62":0,"63":0,"64":0,"65":4},"f":{"0":4,"1":4,"2":0,"3":0,"4":0,"5":0,"6":0,"7":0,"8":0},"b":{"0":[0,4],"1":[4,0],"2":[0,0],"3":[0,0],"4":[0,0],"5":[0,0],"6":[0,0],"7":[0,0],"8":[0,0],"9":[0,0]},"meta":{"lastBranch":10,"lastFunction":9,"lastStatement":66,"seen":{"f:4:24:4:37":0,"s:5:10:5:Infinity":0,"s:7:4:103:Infinity":1,"f:7:14:7:20":1,"s:8:23:8:Infinity":2,"b:9:8:9:Infinity:undefined:undefined:undefined:undefined":0,"s:9:8:9:Infinity":3,"s:9:21:9:Infinity":4,"s:11:20:11:Infinity":5,"b:12:8:12:Infinity:undefined:undefined:undefined:undefined":1,"s:12:8:12:Infinity":6,"s:12:18:12:Infinity":7,"s:14:20:14:Infinity":8,"s:15:21:15:Infinity":9,"s:16:8:16:Infinity":10,"s:17:8:17:Infinity":11,"s:19:38:19:Infinity":12,"s:20:30:20:Infinity":13,"s:21:35:21:Infinity":14,"f:30:12:30:26":2,"s:31:16:31:Infinity":15,"s:32:16:32:Infinity":16,"s:33:16:33:Infinity":17,"s:34:16:34:Infinity":18,"s:35:16:35:Infinity":19,"f:38:12:38:21":3,"s:39:16:39:Infinity":20,"s:40:16:40:Infinity":21,"b:43:16:43:Infinity:undefined:undefined:undefined:undefined":2,"s:43:16:43:Infinity":22,"b:43:20:43:34:43:34:43:50":3,"s:43:50:43:Infinity":23,"b:44:16:44:Infinity:undefined:undefined:undefined:undefined":4,"s:44:16:44:Infinity":24,"b:44:20:44:34:44:34:44:51":5,"s:44:51:44:Infinity":25,"f:47:12:47:19":4,"b:48:16:48:Infinity:undefined:undefined:undefined:undefined":6,"s:48:16:48:Infinity":26,"s:48:26:48:Infinity":27,"s:49:16:49:Infinity":28,"s:50:16:50:Infinity":29,"s:51:16:51:Infinity":30,"s:52:16:52:Infinity":31,"s:57:8:59:Infinity":32,"s:57:21:57:24":33,"s:58:12:58:Infinity":34,"f:61:17:61:27":5,"b:62:12:62:Infinity:undefined:undefined:undefined:undefined":7,"s:62:12:62:Infinity":35,"b:62:16:62:24:62:24:62:33":8,"s:62:33:62:Infinity":36,"s:63:12:63:Infinity":37,"s:66:12:69:Infinity":38,"f:66:30:66:31":6,"s:67:16:67:Infinity":39,"s:68:16:68:Infinity":40,"s:72:12:87:Infinity":41,"s:72:25:72:28":42,"s:73:16:86:Infinity":43,"s:73:29:73:36":44,"s:74:31:74:Infinity":45,"s:75:31:75:Infinity":46,"s:76:37:76:Infinity":47,"b:78:20:85:Infinity:undefined:undefined:undefined:undefined":9,"s:78:20:85:Infinity":48,"s:79:24:79:Infinity":49,"s:80:24:80:Infinity":50,"s:81:24:81:Infinity":51,"s:82:24:82:Infinity":52,"s:83:24:83:Infinity":53,"s:84:24:84:Infinity":54,"s:89:12:89:Infinity":55,"s:92:8:92:Infinity":56,"s:94:29:99:Infinity":57,"f:94:29:94:35":7,"s:95:12:95:Infinity":58,"s:96:12:96:Infinity":59,"s:97:12:97:Infinity":60,"s:98:12:98:Infinity":61,"s:101:8:101:Infinity":62,"s:102:8:102:Infinity":63,"f:102:15:102:21":8,"s:102:21:102:Infinity":64,"s:105:4:105:Infinity":65}}}
,"/Users/praveenvoruganti/Library/Mobile Documents/com~apple~CloudDocs/Documents/Portfolio/my-portfolio/src/components/Footer/Footer.tsx": {"path":"/Users/praveenvoruganti/Library/Mobile Documents/com~apple~CloudDocs/Documents/Portfolio/my-portfolio/src/components/Footer/Footer.tsx","statementMap":{"0":{"start":{"line":6,"column":32},"end":{"line":6,"column":null}},"1":{"start":{"line":7,"column":8},"end":{"line":7,"column":null}},"2":{"start":{"line":9,"column":2},"end":{"line":22,"column":null}},"3":{"start":{"line":10,"column":4},"end":{"line":10,"column":null}},"4":{"start":{"line":10,"column":28},"end":{"line":10,"column":null}},"5":{"start":{"line":11,"column":4},"end":{"line":11,"column":null}},"6":{"start":{"line":15,"column":4},"end":{"line":21,"column":null}},"7":{"start":{"line":16,"column":21},"end":{"line":16,"column":31}},"8":{"start":{"line":17,"column":22},"end":{"line":17,"column":46}},"9":{"start":{"line":19,"column":8},"end":{"line":19,"column":null}},"10":{"start":{"line":20,"column":8},"end":{"line":20,"column":null}},"11":{"start":{"line":24,"column":2},"end":{"line":64,"column":null}},"12":{"start":{"line":44,"column":16},"end":{"line":52,"column":null}}},"fnMap":{"0":{"name":"Footer","decl":{"start":{"line":5,"column":24},"end":{"line":5,"column":33}},"loc":{"start":{"line":5,"column":33},"end":{"line":66,"column":null}},"line":5},"1":{"name":"(anonymous_1)","decl":{"start":{"line":9,"column":12},"end":{"line":9,"column":18}},"loc":{"start":{"line":9,"column":18},"end":{"line":22,"column":5}},"line":9},"2":{"name":"(anonymous_2)","decl":{"start":{"line":16,"column":12},"end":{"line":16,"column":13}},"loc":{"start":{"line":16,"column":21},"end":{"line":16,"column":31}},"line":16},"3":{"name":"(anonymous_3)","decl":{"start":{"line":17,"column":12},"end":{"line":17,"column":13}},"loc":{"start":{"line":17,"column":22},"end":{"line":17,"column":46}},"line":17},"4":{"name":"(anonymous_4)","decl":{"start":{"line":18,"column":13},"end":{"line":18,"column":14}},"loc":{"start":{"line":18,"column":22},"end":{"line":21,"column":7}},"line":18},"5":{"name":"(anonymous_5)","decl":{"start":{"line":43,"column":42},"end":{"line":43,"column":43}},"loc":{"start":{"line":44,"column":16},"end":{"line":52,"column":null}},"line":44}},"branchMap":{"0":{"loc":{"start":{"line":10,"column":4},"end":{"line":10,"column":null}},"type":"if","locations":[{"start":{"line":10,"column":4},"end":{"line":10,"column":null}},{"start":{},"end":{}}],"line":10},"1":{"loc":{"start":{"line":37,"column":46},"end":{"line":37,"column":85}},"type":"cond-expr","locations":[{"start":{"line":37,"column":67},"end":{"line":37,"column":79}},{"start":{"line":37,"column":79},"end":{"line":37,"column":85}}],"line":37}},"s":{"0":4,"1":4,"2":4,"3":4,"4":0,"5":4,"6":4,"7":0,"8":0,"9":0,"10":0,"11":4,"12":16},"f":{"0":4,"1":4,"2":0,"3":0,"4":0,"5":16},"b":{"0":[0,4],"1":[0,4]},"meta":{"lastBranch":2,"lastFunction":6,"lastStatement":13,"seen":{"f:5:24:5:33":0,"s:6:32:6:Infinity":0,"s:7:8:7:Infinity":1,"s:9:2:22:Infinity":2,"f:9:12:9:18":1,"b:10:4:10:Infinity:undefined:undefined:undefined:undefined":0,"s:10:4:10:Infinity":3,"s:10:28:10:Infinity":4,"s:11:4:11:Infinity":5,"s:15:4:21:Infinity":6,"f:16:12:16:13":2,"s:16:21:16:31":7,"f:17:12:17:13":3,"s:17:22:17:46":8,"f:18:13:18:14":4,"s:19:8:19:Infinity":9,"s:20:8:20:Infinity":10,"s:24:2:64:Infinity":11,"b:37:67:37:79:37:79:37:85":1,"f:43:42:43:43":5,"s:44:16:52:Infinity":12}}}
,"/Users/praveenvoruganti/Library/Mobile Documents/com~apple~CloudDocs/Documents/Portfolio/my-portfolio/src/components/Header/Header.tsx": {"path":"/Users/praveenvoruganti/Library/Mobile Documents/com~apple~CloudDocs/Documents/Portfolio/my-portfolio/src/components/Header/Header.tsx","statementMap":{"0":{"start":{"line":21,"column":30},"end":{"line":21,"column":null}},"1":{"start":{"line":22,"column":8},"end":{"line":22,"column":null}},"2":{"start":{"line":23,"column":8},"end":{"line":23,"column":null}},"3":{"start":{"line":25,"column":23},"end":{"line":27,"column":null}},"4":{"start":{"line":26,"column":4},"end":{"line":26,"column":null}},"5":{"start":{"line":29,"column":20},"end":{"line":29,"column":null}},"6":{"start":{"line":29,"column":26},"end":{"line":29,"column":null}},"7":{"start":{"line":31,"column":25},"end":{"line":42,"column":null}},"8":{"start":{"line":32,"column":4},"end":{"line":32,"column":null}},"9":{"start":{"line":33,"column":4},"end":{"line":41,"column":null}},"10":{"start":{"line":34,"column":6},"end":{"line":34,"column":null}},"11":{"start":{"line":36,"column":6},"end":{"line":38,"column":null}},"12":{"start":{"line":37,"column":8},"end":{"line":37,"column":null}},"13":{"start":{"line":40,"column":6},"end":{"line":40,"column":null}},"14":{"start":{"line":44,"column":2},"end":{"line":76,"column":null}},"15":{"start":{"line":52,"column":29},"end":{"line":52,"column":59}},"16":{"start":{"line":53,"column":29},"end":{"line":53,"column":64}},"17":{"start":{"line":54,"column":29},"end":{"line":54,"column":65}},"18":{"start":{"line":55,"column":29},"end":{"line":55,"column":63}},"19":{"start":{"line":56,"column":29},"end":{"line":56,"column":61}},"20":{"start":{"line":57,"column":29},"end":{"line":57,"column":62}},"21":{"start":{"line":69,"column":29},"end":{"line":69,"column":59}},"22":{"start":{"line":70,"column":29},"end":{"line":70,"column":64}},"23":{"start":{"line":71,"column":29},"end":{"line":71,"column":65}},"24":{"start":{"line":72,"column":29},"end":{"line":72,"column":63}},"25":{"start":{"line":73,"column":29},"end":{"line":73,"column":61}},"26":{"start":{"line":74,"column":29},"end":{"line":74,"column":62}}},"fnMap":{"0":{"name":"Header","decl":{"start":{"line":20,"column":24},"end":{"line":20,"column":31}},"loc":{"start":{"line":20,"column":71},"end":{"line":78,"column":null}},"line":20},"1":{"name":"(anonymous_1)","decl":{"start":{"line":25,"column":23},"end":{"line":25,"column":29}},"loc":{"start":{"line":25,"column":29},"end":{"line":27,"column":null}},"line":25},"2":{"name":"(anonymous_2)","decl":{"start":{"line":29,"column":20},"end":{"line":29,"column":26}},"loc":{"start":{"line":29,"column":26},"end":{"line":29,"column":null}},"line":29},"3":{"name":"(anonymous_3)","decl":{"start":{"line":31,"column":25},"end":{"line":31,"column":26}},"loc":{"start":{"line":31,"column":65},"end":{"line":42,"column":null}},"line":31},"4":{"name":"(anonymous_4)","decl":{"start":{"line":36,"column":17},"end":{"line":36,"column":23}},"loc":{"start":{"line":36,"column":23},"end":{"line":38,"column":9}},"line":36},"5":{"name":"(anonymous_5)","decl":{"start":{"line":52,"column":23},"end":{"line":52,"column":29}},"loc":{"start":{"line":52,"column":29},"end":{"line":52,"column":59}},"line":52},"6":{"name":"(anonymous_6)","decl":{"start":{"line":53,"column":23},"end":{"line":53,"column":29}},"loc":{"start":{"line":53,"column":29},"end":{"line":53,"column":64}},"line":53},"7":{"name":"(anonymous_7)","decl":{"start":{"line":54,"column":23},"end":{"line":54,"column":29}},"loc":{"start":{"line":54,"column":29},"end":{"line":54,"column":65}},"line":54},"8":{"name":"(anonymous_8)","decl":{"start":{"line":55,"column":23},"end":{"line":55,"column":29}},"loc":{"start":{"line":55,"column":29},"end":{"line":55,"column":63}},"line":55},"9":{"name":"(anonymous_9)","decl":{"start":{"line":56,"column":23},"end":{"line":56,"column":29}},"loc":{"start":{"line":56,"column":29},"end":{"line":56,"column":61}},"line":56},"10":{"name":"(anonymous_10)","decl":{"start":{"line":57,"column":23},"end":{"line":57,"column":29}},"loc":{"start":{"line":57,"column":29},"end":{"line":57,"column":62}},"line":57},"11":{"name":"(anonymous_11)","decl":{"start":{"line":69,"column":23},"end":{"line":69,"column":29}},"loc":{"start":{"line":69,"column":29},"end":{"line":69,"column":59}},"line":69},"12":{"name":"(anonymous_12)","decl":{"start":{"line":70,"column":23},"end":{"line":70,"column":29}},"loc":{"start":{"line":70,"column":29},"end":{"line":70,"column":64}},"line":70},"13":{"name":"(anonymous_13)","decl":{"start":{"line":71,"column":23},"end":{"line":71,"column":29}},"loc":{"start":{"line":71,"column":29},"end":{"line":71,"column":65}},"line":71},"14":{"name":"(anonymous_14)","decl":{"start":{"line":72,"column":23},"end":{"line":72,"column":29}},"loc":{"start":{"line":72,"column":29},"end":{"line":72,"column":63}},"line":72},"15":{"name":"(anonymous_15)","decl":{"start":{"line":73,"column":23},"end":{"line":73,"column":29}},"loc":{"start":{"line":73,"column":29},"end":{"line":73,"column":61}},"line":73},"16":{"name":"(anonymous_16)","decl":{"start":{"line":74,"column":23},"end":{"line":74,"column":29}},"loc":{"start":{"line":74,"column":29},"end":{"line":74,"column":62}},"line":74}},"branchMap":{"0":{"loc":{"start":{"line":33,"column":4},"end":{"line":41,"column":null}},"type":"if","locations":[{"start":{"line":33,"column":4},"end":{"line":41,"column":null}},{"start":{"line":39,"column":11},"end":{"line":41,"column":null}}],"line":33},"1":{"loc":{"start":{"line":62,"column":25},"end":{"line":62,"column":65}},"type":"cond-expr","locations":[{"start":{"line":62,"column":36},"end":{"line":62,"column":53}},{"start":{"line":62,"column":53},"end":{"line":62,"column":65}}],"line":62},"2":{"loc":{"start":{"line":63,"column":25},"end":{"line":63,"column":65}},"type":"cond-expr","locations":[{"start":{"line":63,"column":36},"end":{"line":63,"column":53}},{"start":{"line":63,"column":53},"end":{"line":63,"column":65}}],"line":63},"3":{"loc":{"start":{"line":64,"column":25},"end":{"line":64,"column":65}},"type":"cond-expr","locations":[{"start":{"line":64,"column":36},"end":{"line":64,"column":53}},{"start":{"line":64,"column":53},"end":{"line":64,"column":65}}],"line":64},"4":{"loc":{"start":{"line":68,"column":46},"end":{"line":68,"column":77}},"type":"cond-expr","locations":[{"start":{"line":68,"column":57},"end":{"line":68,"column":75}},{"start":{"line":68,"column":75},"end":{"line":68,"column":77}}],"line":68}},"s":{"0":9,"1":9,"2":9,"3":9,"4":1,"5":9,"6":13,"7":9,"8":13,"9":13,"10":0,"11":0,"12":0,"13":13,"14":9,"15":1,"16":1,"17":1,"18":2,"19":1,"20":1,"21":1,"22":1,"23":1,"24":1,"25":1,"26":1},"f":{"0":9,"1":1,"2":13,"3":13,"4":0,"5":1,"6":1,"7":1,"8":2,"9":1,"10":1,"11":1,"12":1,"13":1,"14":1,"15":1,"16":1},"b":{"0":[0,13],"1":[1,8],"2":[1,8],"3":[1,8],"4":[1,8]},"meta":{"lastBranch":5,"lastFunction":17,"lastStatement":27,"seen":{"f:20:24:20:31":0,"s:21:30:21:Infinity":0,"s:22:8:22:Infinity":1,"s:23:8:23:Infinity":2,"s:25:23:27:Infinity":3,"f:25:23:25:29":1,"s:26:4:26:Infinity":4,"s:29:20:29:Infinity":5,"f:29:20:29:26":2,"s:29:26:29:Infinity":6,"s:31:25:42:Infinity":7,"f:31:25:31:26":3,"s:32:4:32:Infinity":8,"b:33:4:41:Infinity:39:11:41:Infinity":0,"s:33:4:41:Infinity":9,"s:34:6:34:Infinity":10,"s:36:6:38:Infinity":11,"f:36:17:36:23":4,"s:37:8:37:Infinity":12,"s:40:6:40:Infinity":13,"s:44:2:76:Infinity":14,"f:52:23:52:29":5,"s:52:29:52:59":15,"f:53:23:53:29":6,"s:53:29:53:64":16,"f:54:23:54:29":7,"s:54:29:54:65":17,"f:55:23:55:29":8,"s:55:29:55:63":18,"f:56:23:56:29":9,"s:56:29:56:61":19,"f:57:23:57:29":10,"s:57:29:57:62":20,"b:62:36:62:53:62:53:62:65":1,"b:63:36:63:53:63:53:63:65":2,"b:64:36:64:53:64:53:64:65":3,"b:68:57:68:75:68:75:68:77":4,"f:69:23:69:29":11,"s:69:29:69:59":21,"f:70:23:70:29":12,"s:70:29:70:64":22,"f:71:23:71:29":13,"s:71:29:71:65":23,"f:72:23:72:29":14,"s:72:29:72:63":24,"f:73:23:73:29":15,"s:73:29:73:61":25,"f:74:23:74:29":16,"s:74:29:74:62":26}}}
,"/Users/praveenvoruganti/Library/Mobile Documents/com~apple~CloudDocs/Documents/Portfolio/my-portfolio/src/components/SEO/SEO.tsx": {"path":"/Users/praveenvoruganti/Library/Mobile Documents/com~apple~CloudDocs/Documents/Portfolio/my-portfolio/src/components/SEO/SEO.tsx","statementMap":{"0":{"start":{"line":13,"column":32},"end":{"line":43,"column":null}},"1":{"start":{"line":14,"column":20},"end":{"line":14,"column":null}},"2":{"start":{"line":15,"column":29},"end":{"line":15,"column":null}},"3":{"start":{"line":16,"column":23},"end":{"line":16,"column":null}},"4":{"start":{"line":17,"column":18},"end":{"line":17,"column":null}},"5":{"start":{"line":19,"column":2},"end":{"line":41,"column":null}}},"fnMap":{"0":{"name":"(anonymous_0)","decl":{"start":{"line":13,"column":32},"end":{"line":13,"column":33}},"loc":{"start":{"line":13,"column":88},"end":{"line":43,"column":null}},"line":13}},"branchMap":{"0":{"loc":{"start":{"line":22,"column":14},"end":{"line":22,"column":65}},"type":"cond-expr","locations":[{"start":{"line":22,"column":22},"end":{"line":22,"column":55}},{"start":{"line":22,"column":55},"end":{"line":22,"column":65}}],"line":22},"1":{"loc":{"start":{"line":23,"column":40},"end":{"line":23,"column":75}},"type":"binary-expr","locations":[{"start":{"line":23,"column":40},"end":{"line":23,"column":55}},{"start":{"line":23,"column":55},"end":{"line":23,"column":75}}],"line":23},"2":{"loc":{"start":{"line":24,"column":37},"end":{"line":24,"column":128}},"type":"binary-expr","locations":[{"start":{"line":24,"column":37},"end":{"line":24,"column":49}},{"start":{"line":24,"column":49},"end":{"line":24,"column":128}}],"line":24},"3":{"loc":{"start":{"line":28,"column":40},"end":{"line":28,"column":59}},"type":"binary-expr","locations":[{"start":{"line":28,"column":40},"end":{"line":28,"column":48}},{"start":{"line":28,"column":48},"end":{"line":28,"column":59}}],"line":28},"4":{"loc":{"start":{"line":29,"column":39},"end":{"line":29,"column":55}},"type":"binary-expr","locations":[{"start":{"line":29,"column":39},"end":{"line":29,"column":46}},{"start":{"line":29,"column":46},"end":{"line":29,"column":55}}],"line":29},"5":{"loc":{"start":{"line":30,"column":41},"end":{"line":30,"column":61}},"type":"binary-expr","locations":[{"start":{"line":30,"column":41},"end":{"line":30,"column":50}},{"start":{"line":30,"column":50},"end":{"line":30,"column":61}}],"line":30},"6":{"loc":{"start":{"line":31,"column":47},"end":{"line":31,"column":82}},"type":"binary-expr","locations":[{"start":{"line":31,"column":47},"end":{"line":31,"column":62}},{"start":{"line":31,"column":62},"end":{"line":31,"column":82}}],"line":31},"7":{"loc":{"start":{"line":32,"column":41},"end":{"line":32,"column":64}},"type":"binary-expr","locations":[{"start":{"line":32,"column":41},"end":{"line":32,"column":50}},{"start":{"line":32,"column":50},"end":{"line":32,"column":64}}],"line":32},"8":{"loc":{"start":{"line":38,"column":42},"end":{"line":38,"column":62}},"type":"binary-expr","locations":[{"start":{"line":38,"column":42},"end":{"line":38,"column":51}},{"start":{"line":38,"column":51},"end":{"line":38,"column":62}}],"line":38},"9":{"loc":{"start":{"line":39,"column":48},"end":{"line":39,"column":83}},"type":"binary-expr","locations":[{"start":{"line":39,"column":48},"end":{"line":39,"column":63}},{"start":{"line":39,"column":63},"end":{"line":39,"column":83}}],"line":39},"10":{"loc":{"start":{"line":40,"column":42},"end":{"line":40,"column":65}},"type":"binary-expr","locations":[{"start":{"line":40,"column":42},"end":{"line":40,"column":51}},{"start":{"line":40,"column":51},"end":{"line":40,"column":65}}],"line":40}},"s":{"0":6,"1":18,"2":18,"3":18,"4":18,"5":18},"f":{"0":18},"b":{"0":[17,1],"1":[18,1],"2":[18,12],"3":[18,18],"4":[18,17],"5":[18,1],"6":[18,1],"7":[18,17],"8":[18,1],"9":[18,1],"10":[18,17]},"meta":{"lastBranch":11,"lastFunction":1,"lastStatement":6,"seen":{"s:13:32:43:Infinity":0,"f:13:32:13:33":0,"s:14:20:14:Infinity":1,"s:15:29:15:Infinity":2,"s:16:23:16:Infinity":3,"s:17:18:17:Infinity":4,"s:19:2:41:Infinity":5,"b:22:22:22:55:22:55:22:65":0,"b:23:40:23:55:23:55:23:75":1,"b:24:37:24:49:24:49:24:128":2,"b:28:40:28:48:28:48:28:59":3,"b:29:39:29:46:29:46:29:55":4,"b:30:41:30:50:30:50:30:61":5,"b:31:47:31:62:31:62:31:82":6,"b:32:41:32:50:32:50:32:64":7,"b:38:42:38:51:38:51:38:62":8,"b:39:48:39:63:39:63:39:83":9,"b:40:42:40:51:40:51:40:65":10}}}
,"/Users/praveenvoruganti/Library/Mobile Documents/com~apple~CloudDocs/Documents/Portfolio/my-portfolio/src/components/SectionWrapper/SectionWrapper.tsx": {"path":"/Users/praveenvoruganti/Library/Mobile Documents/com~apple~CloudDocs/Documents/Portfolio/my-portfolio/src/components/SectionWrapper/SectionWrapper.tsx","statementMap":{"0":{"start":{"line":4,"column":2},"end":{"line":7,"column":null}}},"fnMap":{"0":{"name":"SectionWrapper","decl":{"start":{"line":3,"column":24},"end":{"line":3,"column":39}},"loc":{"start":{"line":3,"column":84},"end":{"line":9,"column":null}},"line":3}},"branchMap":{},"s":{"0":13},"f":{"0":13},"b":{},"meta":{"lastBranch":0,"lastFunction":1,"lastStatement":1,"seen":{"f:3:24:3:39":0,"s:4:2:7:Infinity":0}}}
,"/Users/praveenvoruganti/Library/Mobile Documents/com~apple~CloudDocs/Documents/Portfolio/my-portfolio/src/pages/Contact/Contact.tsx": {"path":"/Users/praveenvoruganti/Library/Mobile Documents/com~apple~CloudDocs/Documents/Portfolio/my-portfolio/src/pages/Contact/Contact.tsx","statementMap":{"0":{"start":{"line":6,"column":26},"end":{"line":72,"column":null}},"1":{"start":{"line":7,"column":32},"end":{"line":7,"column":null}},"2":{"start":{"line":8,"column":24},"end":{"line":8,"column":null}},"3":{"start":{"line":10,"column":25},"end":{"line":12,"column":null}},"4":{"start":{"line":11,"column":8},"end":{"line":11,"column":null}},"5":{"start":{"line":14,"column":25},"end":{"line":20,"column":null}},"6":{"start":{"line":15,"column":8},"end":{"line":15,"column":null}},"7":{"start":{"line":17,"column":8},"end":{"line":17,"column":null}},"8":{"start":{"line":18,"column":8},"end":{"line":18,"column":null}},"9":{"start":{"line":18,"column":25},"end":{"line":18,"column":41}},"10":{"start":{"line":19,"column":8},"end":{"line":19,"column":null}},"11":{"start":{"line":22,"column":4},"end":{"line":70,"column":null}},"12":{"start":{"line":32,"column":24},"end":{"line":35,"column":null}}},"fnMap":{"0":{"name":"(anonymous_0)","decl":{"start":{"line":6,"column":26},"end":{"line":6,"column":32}},"loc":{"start":{"line":6,"column":32},"end":{"line":72,"column":null}},"line":6},"1":{"name":"(anonymous_1)","decl":{"start":{"line":10,"column":25},"end":{"line":10,"column":26}},"loc":{"start":{"line":10,"column":91},"end":{"line":12,"column":null}},"line":10},"2":{"name":"(anonymous_2)","decl":{"start":{"line":14,"column":25},"end":{"line":14,"column":26}},"loc":{"start":{"line":14,"column":49},"end":{"line":20,"column":null}},"line":14},"3":{"name":"(anonymous_3)","decl":{"start":{"line":18,"column":19},"end":{"line":18,"column":25}},"loc":{"start":{"line":18,"column":25},"end":{"line":18,"column":41}},"line":18},"4":{"name":"(anonymous_4)","decl":{"start":{"line":31,"column":37},"end":{"line":31,"column":38}},"loc":{"start":{"line":32,"column":24},"end":{"line":35,"column":null}},"line":32}},"branchMap":{"0":{"loc":{"start":{"line":67,"column":21},"end":{"line":67,"column":null}},"type":"binary-expr","locations":[{"start":{"line":67,"column":21},"end":{"line":67,"column":29}},{"start":{"line":67,"column":29},"end":{"line":67,"column":null}}],"line":67}},"s":{"0":2,"1":8,"2":8,"3":8,"4":3,"5":8,"6":1,"7":1,"8":1,"9":0,"10":1,"11":8,"12":32},"f":{"0":8,"1":3,"2":1,"3":0,"4":32},"b":{"0":[8,1]},"meta":{"lastBranch":1,"lastFunction":5,"lastStatement":13,"seen":{"s:6:26:72:Infinity":0,"f:6:26:6:32":0,"s:7:32:7:Infinity":1,"s:8:24:8:Infinity":2,"s:10:25:12:Infinity":3,"f:10:25:10:26":1,"s:11:8:11:Infinity":4,"s:14:25:20:Infinity":5,"f:14:25:14:26":2,"s:15:8:15:Infinity":6,"s:17:8:17:Infinity":7,"s:18:8:18:Infinity":8,"f:18:19:18:25":3,"s:18:25:18:41":9,"s:19:8:19:Infinity":10,"s:22:4:70:Infinity":11,"f:31:37:31:38":4,"s:32:24:35:Infinity":12,"b:67:21:67:29:67:29:67:Infinity":0}}}
,"/Users/praveenvoruganti/Library/Mobile Documents/com~apple~CloudDocs/Documents/Portfolio/my-portfolio/src/pages/Education/Education.tsx": {"path":"/Users/praveenvoruganti/Library/Mobile Documents/com~apple~CloudDocs/Documents/Portfolio/my-portfolio/src/pages/Education/Education.tsx","statementMap":{"0":{"start":{"line":7,"column":2},"end":{"line":52,"column":null}},"1":{"start":{"line":21,"column":25},"end":{"line":21,"column":null}},"2":{"start":{"line":23,"column":10},"end":{"line":48,"column":null}}},"fnMap":{"0":{"name":"Education","decl":{"start":{"line":6,"column":24},"end":{"line":6,"column":36}},"loc":{"start":{"line":6,"column":36},"end":{"line":54,"column":null}},"line":6},"1":{"name":"(anonymous_1)","decl":{"start":{"line":20,"column":27},"end":{"line":20,"column":28}},"loc":{"start":{"line":20,"column":44},"end":{"line":50,"column":9}},"line":20}},"branchMap":{"0":{"loc":{"start":{"line":26,"column":47},"end":{"line":26,"column":null}},"type":"cond-expr","locations":[{"start":{"line":26,"column":56},"end":{"line":26,"column":70}},{"start":{"line":26,"column":70},"end":{"line":26,"column":null}}],"line":26}},"s":{"0":3,"1":12,"2":12},"f":{"0":3,"1":12},"b":{"0":[6,6]},"meta":{"lastBranch":1,"lastFunction":2,"lastStatement":3,"seen":{"f:6:24:6:36":0,"s:7:2:52:Infinity":0,"f:20:27:20:28":1,"s:21:25:21:Infinity":1,"s:23:10:48:Infinity":2,"b:26:56:26:70:26:70:26:Infinity":0}}}
,"/Users/praveenvoruganti/Library/Mobile Documents/com~apple~CloudDocs/Documents/Portfolio/my-portfolio/src/pages/Experience/Experience.tsx": {"path":"/Users/praveenvoruganti/Library/Mobile Documents/com~apple~CloudDocs/Documents/Portfolio/my-portfolio/src/pages/Experience/Experience.tsx","statementMap":{"0":{"start":{"line":7,"column":29},"end":{"line":49,"column":null}},"1":{"start":{"line":8,"column":4},"end":{"line":47,"column":null}},"2":{"start":{"line":21,"column":20},"end":{"line":44,"column":null}},"3":{"start":{"line":41,"column":32},"end":{"line":41,"column":null}}},"fnMap":{"0":{"name":"(anonymous_0)","decl":{"start":{"line":7,"column":29},"end":{"line":7,"column":35}},"loc":{"start":{"line":7,"column":35},"end":{"line":49,"column":null}},"line":7},"1":{"name":"(anonymous_1)","decl":{"start":{"line":20,"column":36},"end":{"line":20,"column":37}},"loc":{"start":{"line":21,"column":20},"end":{"line":44,"column":null}},"line":21},"2":{"name":"(anonymous_2)","decl":{"start":{"line":40,"column":55},"end":{"line":40,"column":56}},"loc":{"start":{"line":41,"column":32},"end":{"line":41,"column":null}},"line":41}},"branchMap":{},"s":{"0":2,"1":3,"2":9,"3":42},"f":{"0":3,"1":9,"2":42},"b":{},"meta":{"lastBranch":0,"lastFunction":3,"lastStatement":4,"seen":{"s:7:29:49:Infinity":0,"f:7:29:7:35":0,"s:8:4:47:Infinity":1,"f:20:36:20:37":1,"s:21:20:44:Infinity":2,"f:40:55:40:56":2,"s:41:32:41:Infinity":3}}}
,"/Users/praveenvoruganti/Library/Mobile Documents/com~apple~CloudDocs/Documents/Portfolio/my-portfolio/src/pages/Home/Home.tsx": {"path":"/Users/praveenvoruganti/Library/Mobile Documents/com~apple~CloudDocs/Documents/Portfolio/my-portfolio/src/pages/Home/Home.tsx","statementMap":{"0":{"start":{"line":7,"column":23},"end":{"line":93,"column":null}},"1":{"start":{"line":9,"column":46},"end":{"line":9,"column":null}},"2":{"start":{"line":10,"column":38},"end":{"line":10,"column":null}},"3":{"start":{"line":11,"column":38},"end":{"line":11,"column":null}},"4":{"start":{"line":12,"column":21},"end":{"line":12,"column":null}},"5":{"start":{"line":13,"column":22},"end":{"line":13,"column":null}},"6":{"start":{"line":16,"column":4},"end":{"line":20,"column":null}},"7":{"start":{"line":17,"column":8},"end":{"line":19,"column":null}},"8":{"start":{"line":18,"column":12},"end":{"line":18,"column":null}},"9":{"start":{"line":22,"column":4},"end":{"line":46,"column":null}},"10":{"start":{"line":23,"column":8},"end":{"line":45,"column":null}},"11":{"start":{"line":24,"column":32},"end":{"line":24,"column":null}},"12":{"start":{"line":26,"column":12},"end":{"line":44,"column":null}},"13":{"start":{"line":27,"column":32},"end":{"line":35,"column":null}},"14":{"start":{"line":28,"column":20},"end":{"line":33,"column":null}},"15":{"start":{"line":29,"column":41},"end":{"line":29,"column":null}},"16":{"start":{"line":30,"column":24},"end":{"line":30,"column":null}},"17":{"start":{"line":30,"column":50},"end":{"line":30,"column":null}},"18":{"start":{"line":31,"column":24},"end":{"line":31,"column":null}},"19":{"start":{"line":32,"column":24},"end":{"line":32,"column":null}},"20":{"start":{"line":34,"column":20},"end":{"line":34,"column":null}},"21":{"start":{"line":36,"column":16},"end":{"line":36,"column":null}},"22":{"start":{"line":36,"column":29},"end":{"line":36,"column":null}},"23":{"start":{"line":39,"column":32},"end":{"line":42,"column":null}},"24":{"start":{"line":40,"column":20},"end":{"line":40,"column":null}},"25":{"start":{"line":41,"column":20},"end":{"line":41,"column":null}},"26":{"start":{"line":43,"column":16},"end":{"line":43,"column":null}},"27":{"start":{"line":43,"column":29},"end":{"line":43,"column":null}},"28":{"start":{"line":48,"column":4},"end":{"line":91,"column":null}},"29":{"start":{"line":66,"column":43},"end":{"line":66,"column":null}},"30":{"start":{"line":83,"column":28},"end":{"line":85,"column":null}}},"fnMap":{"0":{"name":"(anonymous_0)","decl":{"start":{"line":7,"column":23},"end":{"line":7,"column":29}},"loc":{"start":{"line":7,"column":29},"end":{"line":93,"column":null}},"line":7},"1":{"name":"(anonymous_1)","decl":{"start":{"line":16,"column":20},"end":{"line":16,"column":26}},"loc":{"start":{"line":16,"column":26},"end":{"line":20,"column":7}},"line":16},"2":{"name":"(anonymous_2)","decl":{"start":{"line":22,"column":20},"end":{"line":22,"column":26}},"loc":{"start":{"line":22,"column":26},"end":{"line":46,"column":7}},"line":22},"3":{"name":"(anonymous_3)","decl":{"start":{"line":27,"column":43},"end":{"line":27,"column":49}},"loc":{"start":{"line":27,"column":49},"end":{"line":35,"column":19}},"line":27},"4":{"name":"(anonymous_4)","decl":{"start":{"line":28,"column":37},"end":{"line":28,"column":38}},"loc":{"start":{"line":28,"column":47},"end":{"line":33,"column":21}},"line":28},"5":{"name":"(anonymous_5)","decl":{"start":{"line":36,"column":23},"end":{"line":36,"column":29}},"loc":{"start":{"line":36,"column":29},"end":{"line":36,"column":null}},"line":36},"6":{"name":"(anonymous_6)","decl":{"start":{"line":39,"column":43},"end":{"line":39,"column":49}},"loc":{"start":{"line":39,"column":49},"end":{"line":42,"column":19}},"line":39},"7":{"name":"(anonymous_7)","decl":{"start":{"line":43,"column":23},"end":{"line":43,"column":29}},"loc":{"start":{"line":43,"column":29},"end":{"line":43,"column":null}},"line":43},"8":{"name":"(anonymous_8)","decl":{"start":{"line":66,"column":37},"end":{"line":66,"column":43}},"loc":{"start":{"line":66,"column":43},"end":{"line":66,"column":null}},"line":66},"9":{"name":"(anonymous_9)","decl":{"start":{"line":82,"column":43},"end":{"line":82,"column":44}},"loc":{"start":{"line":83,"column":28},"end":{"line":85,"column":null}},"line":83}},"branchMap":{"0":{"loc":{"start":{"line":17,"column":8},"end":{"line":19,"column":null}},"type":"if","locations":[{"start":{"line":17,"column":8},"end":{"line":19,"column":null}},{"start":{},"end":{}}],"line":17},"1":{"loc":{"start":{"line":23,"column":8},"end":{"line":45,"column":null}},"type":"if","locations":[{"start":{"line":23,"column":8},"end":{"line":45,"column":null}},{"start":{},"end":{}}],"line":23},"2":{"loc":{"start":{"line":26,"column":12},"end":{"line":44,"column":null}},"type":"if","locations":[{"start":{"line":26,"column":12},"end":{"line":44,"column":null}},{"start":{"line":37,"column":19},"end":{"line":44,"column":null}}],"line":26},"3":{"loc":{"start":{"line":30,"column":24},"end":{"line":30,"column":null}},"type":"if","locations":[{"start":{"line":30,"column":24},"end":{"line":30,"column":null}},{"start":{},"end":{}}],"line":30}},"s":{"0":2,"1":5,"2":5,"3":5,"4":5,"5":5,"6":5,"7":5,"8":5,"9":5,"10":5,"11":5,"12":5,"13":5,"14":1,"15":1,"16":1,"17":1,"18":1,"19":1,"20":1,"21":5,"22":5,"23":0,"24":0,"25":0,"26":0,"27":0,"28":5,"29":0,"30":1},"f":{"0":5,"1":5,"2":5,"3":1,"4":1,"5":5,"6":0,"7":0,"8":0,"9":1},"b":{"0":[5,0],"1":[5,0],"2":[5,0],"3":[1,0]},"meta":{"lastBranch":4,"lastFunction":10,"lastStatement":31,"seen":{"s:7:23:93:Infinity":0,"f:7:23:7:29":0,"s:9:46:9:Infinity":1,"s:10:38:10:Infinity":2,"s:11:38:11:Infinity":3,"s:12:21:12:Infinity":4,"s:13:22:13:Infinity":5,"s:16:4:20:Infinity":6,"f:16:20:16:26":1,"b:17:8:19:Infinity:undefined:undefined:undefined:undefined":0,"s:17:8:19:Infinity":7,"s:18:12:18:Infinity":8,"s:22:4:46:Infinity":9,"f:22:20:22:26":2,"b:23:8:45:Infinity:undefined:undefined:undefined:undefined":1,"s:23:8:45:Infinity":10,"s:24:32:24:Infinity":11,"b:26:12:44:Infinity:37:19:44:Infinity":2,"s:26:12:44:Infinity":12,"s:27:32:35:Infinity":13,"f:27:43:27:49":3,"s:28:20:33:Infinity":14,"f:28:37:28:38":4,"s:29:41:29:Infinity":15,"b:30:24:30:Infinity:undefined:undefined:undefined:undefined":3,"s:30:24:30:Infinity":16,"s:30:50:30:Infinity":17,"s:31:24:31:Infinity":18,"s:32:24:32:Infinity":19,"s:34:20:34:Infinity":20,"s:36:16:36:Infinity":21,"f:36:23:36:29":5,"s:36:29:36:Infinity":22,"s:39:32:42:Infinity":23,"f:39:43:39:49":6,"s:40:20:40:Infinity":24,"s:41:20:41:Infinity":25,"s:43:16:43:Infinity":26,"f:43:23:43:29":7,"s:43:29:43:Infinity":27,"s:48:4:91:Infinity":28,"f:66:37:66:43":8,"s:66:43:66:Infinity":29,"f:82:43:82:44":9,"s:83:28:85:Infinity":30}}}
,"/Users/praveenvoruganti/Library/Mobile Documents/com~apple~CloudDocs/Documents/Portfolio/my-portfolio/src/pages/Projects/ProjectDetails.tsx": {"path":"/Users/praveenvoruganti/Library/Mobile Documents/com~apple~CloudDocs/Documents/Portfolio/my-portfolio/src/pages/Projects/ProjectDetails.tsx","statementMap":{"0":{"start":{"line":8,"column":20},"end":{"line":8,"column":null}},"1":{"start":{"line":9,"column":8},"end":{"line":9,"column":null}},"2":{"start":{"line":11,"column":2},"end":{"line":13,"column":null}},"3":{"start":{"line":12,"column":4},"end":{"line":12,"column":null}},"4":{"start":{"line":16,"column":18},"end":{"line":18,"column":null}},"5":{"start":{"line":17,"column":11},"end":{"line":17,"column":null}},"6":{"start":{"line":20,"column":2},"end":{"line":20,"column":null}},"7":{"start":{"line":20,"column":16},"end":{"line":20,"column":null}},"8":{"start":{"line":22,"column":2},"end":{"line":58,"column":null}},"9":{"start":{"line":31,"column":56},"end":{"line":31,"column":70}},"10":{"start":{"line":42,"column":10},"end":{"line":42,"column":null}}},"fnMap":{"0":{"name":"ProjectDetails","decl":{"start":{"line":7,"column":24},"end":{"line":7,"column":41}},"loc":{"start":{"line":7,"column":41},"end":{"line":60,"column":null}},"line":7},"1":{"name":"(anonymous_1)","decl":{"start":{"line":11,"column":12},"end":{"line":11,"column":18}},"loc":{"start":{"line":11,"column":18},"end":{"line":13,"column":5}},"line":11},"2":{"name":"(anonymous_2)","decl":{"start":{"line":17,"column":4},"end":{"line":17,"column":5}},"loc":{"start":{"line":17,"column":11},"end":{"line":17,"column":null}},"line":17},"3":{"name":"(anonymous_3)","decl":{"start":{"line":31,"column":50},"end":{"line":31,"column":56}},"loc":{"start":{"line":31,"column":56},"end":{"line":31,"column":70}},"line":31},"4":{"name":"(anonymous_4)","decl":{"start":{"line":41,"column":38},"end":{"line":41,"column":39}},"loc":{"start":{"line":42,"column":10},"end":{"line":42,"column":null}},"line":42}},"branchMap":{"0":{"loc":{"start":{"line":20,"column":2},"end":{"line":20,"column":null}},"type":"if","locations":[{"start":{"line":20,"column":2},"end":{"line":20,"column":null}},{"start":{},"end":{}}],"line":20},"1":{"loc":{"start":{"line":48,"column":7},"end":{"line":56,"column":null}},"type":"binary-expr","locations":[{"start":{"line":48,"column":7},"end":{"line":48,"column":null}},{"start":{"line":49,"column":8},"end":{"line":56,"column":null}}],"line":48}},"s":{"0":3,"1":3,"2":3,"3":3,"4":3,"5":33,"6":3,"7":3,"8":0,"9":0,"10":0},"f":{"0":3,"1":3,"2":33,"3":0,"4":0},"b":{"0":[3,0],"1":[0,0]},"meta":{"lastBranch":2,"lastFunction":5,"lastStatement":11,"seen":{"f:7:24:7:41":0,"s:8:20:8:Infinity":0,"s:9:8:9:Infinity":1,"s:11:2:13:Infinity":2,"f:11:12:11:18":1,"s:12:4:12:Infinity":3,"s:16:18:18:Infinity":4,"f:17:4:17:5":2,"s:17:11:17:Infinity":5,"b:20:2:20:Infinity:undefined:undefined:undefined:undefined":0,"s:20:2:20:Infinity":6,"s:20:16:20:Infinity":7,"s:22:2:58:Infinity":8,"f:31:50:31:56":3,"s:31:56:31:70":9,"f:41:38:41:39":4,"s:42:10:42:Infinity":10,"b:48:7:48:Infinity:49:8:56:Infinity":1}}}
,"/Users/praveenvoruganti/Library/Mobile Documents/com~apple~CloudDocs/Documents/Portfolio/my-portfolio/src/pages/Projects/Projects.tsx": {"path":"/Users/praveenvoruganti/Library/Mobile Documents/com~apple~CloudDocs/Documents/Portfolio/my-portfolio/src/pages/Projects/Projects.tsx","statementMap":{"0":{"start":{"line":8,"column":27},"end":{"line":67,"column":null}},"1":{"start":{"line":9,"column":44},"end":{"line":9,"column":null}},"2":{"start":{"line":12,"column":25},"end":{"line":12,"column":null}},"3":{"start":{"line":12,"column":83},"end":{"line":12,"column":102}},"4":{"start":{"line":14,"column":29},"end":{"line":16,"column":null}},"5":{"start":{"line":16,"column":41},"end":{"line":16,"column":79}},"6":{"start":{"line":18,"column":23},"end":{"line":18,"column":null}},"7":{"start":{"line":18,"column":38},"end":{"line":18,"column":null}},"8":{"start":{"line":20,"column":4},"end":{"line":65,"column":null}},"9":{"start":{"line":28,"column":20},"end":{"line":34,"column":null}},"10":{"start":{"line":31,"column":39},"end":{"line":31,"column":null}},"11":{"start":{"line":40,"column":20},"end":{"line":62,"column":null}}},"fnMap":{"0":{"name":"(anonymous_0)","decl":{"start":{"line":8,"column":27},"end":{"line":8,"column":33}},"loc":{"start":{"line":8,"column":33},"end":{"line":67,"column":null}},"line":8},"1":{"name":"(anonymous_1)","decl":{"start":{"line":12,"column":72},"end":{"line":12,"column":83}},"loc":{"start":{"line":12,"column":83},"end":{"line":12,"column":102}},"line":12},"2":{"name":"(anonymous_2)","decl":{"start":{"line":16,"column":30},"end":{"line":16,"column":41}},"loc":{"start":{"line":16,"column":41},"end":{"line":16,"column":79}},"line":16},"3":{"name":"(anonymous_3)","decl":{"start":{"line":18,"column":23},"end":{"line":18,"column":24}},"loc":{"start":{"line":18,"column":38},"end":{"line":18,"column":null}},"line":18},"4":{"name":"(anonymous_4)","decl":{"start":{"line":27,"column":34},"end":{"line":27,"column":null}},"loc":{"start":{"line":28,"column":20},"end":{"line":34,"column":null}},"line":28},"5":{"name":"(anonymous_5)","decl":{"start":{"line":31,"column":33},"end":{"line":31,"column":39}},"loc":{"start":{"line":31,"column":39},"end":{"line":31,"column":null}},"line":31},"6":{"name":"(anonymous_6)","decl":{"start":{"line":39,"column":38},"end":{"line":39,"column":39}},"loc":{"start":{"line":40,"column":20},"end":{"line":62,"column":null}},"line":40}},"branchMap":{"0":{"loc":{"start":{"line":14,"column":29},"end":{"line":16,"column":null}},"type":"cond-expr","locations":[{"start":{"line":15,"column":10},"end":{"line":15,"column":null}},{"start":{"line":16,"column":10},"end":{"line":16,"column":null}}],"line":14},"1":{"loc":{"start":{"line":30,"column":61},"end":{"line":30,"column":105}},"type":"cond-expr","locations":[{"start":{"line":30,"column":87},"end":{"line":30,"column":103}},{"start":{"line":30,"column":103},"end":{"line":30,"column":105}}],"line":30}},"s":{"0":2,"1":3,"2":3,"3":33,"4":3,"5":0,"6":3,"7":12,"8":3,"9":12,"10":0,"11":33},"f":{"0":3,"1":33,"2":0,"3":12,"4":12,"5":0,"6":33},"b":{"0":[3,0],"1":[3,9]},"meta":{"lastBranch":2,"lastFunction":7,"lastStatement":12,"seen":{"s:8:27:67:Infinity":0,"f:8:27:8:33":0,"s:9:44:9:Infinity":1,"s:12:25:12:Infinity":2,"f:12:72:12:83":1,"s:12:83:12:102":3,"s:14:29:16:Infinity":4,"b:15:10:15:Infinity:16:10:16:Infinity":0,"f:16:30:16:41":2,"s:16:41:16:79":5,"s:18:23:18:Infinity":6,"f:18:23:18:24":3,"s:18:38:18:Infinity":7,"s:20:4:65:Infinity":8,"f:27:34:27:Infinity":4,"s:28:20:34:Infinity":9,"b:30:87:30:103:30:103:30:105":1,"f:31:33:31:39":5,"s:31:39:31:Infinity":10,"f:39:38:39:39":6,"s:40:20:62:Infinity":11}}}
,"/Users/praveenvoruganti/Library/Mobile Documents/com~apple~CloudDocs/Documents/Portfolio/my-portfolio/src/pages/Skills/Skills.tsx": {"path":"/Users/praveenvoruganti/Library/Mobile Documents/com~apple~CloudDocs/Documents/Portfolio/my-portfolio/src/pages/Skills/Skills.tsx","statementMap":{"0":{"start":{"line":6,"column":42},"end":{"line":6,"column":null}},"1":{"start":{"line":8,"column":20},"end":{"line":10,"column":null}},"2":{"start":{"line":9,"column":4},"end":{"line":9,"column":null}},"3":{"start":{"line":9,"column":31},"end":{"line":9,"column":64}},"4":{"start":{"line":13,"column":4},"end":{"line":15,"column":null}},"5":{"start":{"line":15,"column":36},"end":{"line":15,"column":69}},"6":{"start":{"line":17,"column":2},"end":{"line":54,"column":null}},"7":{"start":{"line":27,"column":25},"end":{"line":27,"column":null}},"8":{"start":{"line":33,"column":10},"end":{"line":41,"column":null}},"9":{"start":{"line":38,"column":27},"end":{"line":38,"column":null}},"10":{"start":{"line":48,"column":10},"end":{"line":51,"column":null}}},"fnMap":{"0":{"name":"Skills","decl":{"start":{"line":5,"column":24},"end":{"line":5,"column":33}},"loc":{"start":{"line":5,"column":33},"end":{"line":56,"column":null}},"line":5},"1":{"name":"(anonymous_1)","decl":{"start":{"line":8,"column":44},"end":{"line":8,"column":45}},"loc":{"start":{"line":9,"column":4},"end":{"line":9,"column":null}},"line":9},"2":{"name":"(anonymous_2)","decl":{"start":{"line":9,"column":19},"end":{"line":9,"column":20}},"loc":{"start":{"line":9,"column":31},"end":{"line":9,"column":64}},"line":9},"3":{"name":"(anonymous_3)","decl":{"start":{"line":15,"column":25},"end":{"line":15,"column":26}},"loc":{"start":{"line":15,"column":36},"end":{"line":15,"column":69}},"line":15},"4":{"name":"(anonymous_4)","decl":{"start":{"line":27,"column":19},"end":{"line":27,"column":25}},"loc":{"start":{"line":27,"column":25},"end":{"line":27,"column":null}},"line":27},"5":{"name":"(anonymous_5)","decl":{"start":{"line":32,"column":29},"end":{"line":32,"column":30}},"loc":{"start":{"line":33,"column":10},"end":{"line":41,"column":null}},"line":33},"6":{"name":"(anonymous_6)","decl":{"start":{"line":38,"column":21},"end":{"line":38,"column":27}},"loc":{"start":{"line":38,"column":27},"end":{"line":38,"column":null}},"line":38},"7":{"name":"(anonymous_7)","decl":{"start":{"line":47,"column":28},"end":{"line":47,"column":29}},"loc":{"start":{"line":48,"column":10},"end":{"line":51,"column":null}},"line":48}},"branchMap":{"0":{"loc":{"start":{"line":13,"column":4},"end":{"line":15,"column":null}},"type":"cond-expr","locations":[{"start":{"line":14,"column":8},"end":{"line":14,"column":null}},{"start":{"line":15,"column":8},"end":{"line":15,"column":null}}],"line":13},"1":{"loc":{"start":{"line":25,"column":12},"end":{"line":25,"column":null}},"type":"cond-expr","locations":[{"start":{"line":25,"column":39},"end":{"line":25,"column":55}},{"start":{"line":25,"column":55},"end":{"line":25,"column":null}}],"line":25},"2":{"loc":{"start":{"line":36,"column":14},"end":{"line":36,"column":null}},"type":"cond-expr","locations":[{"start":{"line":36,"column":44},"end":{"line":36,"column":60}},{"start":{"line":36,"column":60},"end":{"line":36,"column":null}}],"line":36}},"s":{"0":6,"1":6,"2":48,"3":216,"4":6,"5":36,"6":6,"7":1,"8":48,"9":1,"10":189},"f":{"0":6,"1":48,"2":216,"3":36,"4":1,"5":48,"6":1,"7":189},"b":{"0":[5,1],"1":[5,1],"2":[1,47]},"meta":{"lastBranch":3,"lastFunction":8,"lastStatement":11,"seen":{"f:5:24:5:33":0,"s:6:42:6:Infinity":0,"s:8:20:10:Infinity":1,"f:8:44:8:45":1,"s:9:4:9:Infinity":2,"f:9:19:9:20":2,"s:9:31:9:64":3,"s:13:4:15:Infinity":4,"b:14:8:14:Infinity:15:8:15:Infinity":0,"f:15:25:15:26":3,"s:15:36:15:69":5,"s:17:2:54:Infinity":6,"b:25:39:25:55:25:55:25:Infinity":1,"f:27:19:27:25":4,"s:27:25:27:Infinity":7,"f:32:29:32:30":5,"s:33:10:41:Infinity":8,"b:36:44:36:60:36:60:36:Infinity":2,"f:38:21:38:27":6,"s:38:27:38:Infinity":9,"f:47:28:47:29":7,"s:48:10:51:Infinity":10}}}
}
