{"/Users/praveenvoruganti/Documents/Portfolio/my-portfolio/src/components/Footer/Footer.json": {"path":"/Users/praveenvoruganti/Documents/Portfolio/my-portfolio/src/components/Footer/Footer.json","statementMap":{},"fnMap":{},"branchMap":{},"s":{},"f":{},"b":{},"meta":{"lastBranch":0,"lastFunction":0,"lastStatement":0,"seen":{}}}
,"/Users/praveenvoruganti/Documents/Portfolio/my-portfolio/src/components/Footer/Footer.module.scss": {"path":"/Users/praveenvoruganti/Documents/Portfolio/my-portfolio/src/components/Footer/Footer.module.scss","statementMap":{},"fnMap":{},"branchMap":{},"s":{},"f":{},"b":{},"meta":{"lastBranch":0,"lastFunction":0,"lastStatement":0,"seen":{}}}
,"/Users/praveenvoruganti/Documents/Portfolio/my-portfolio/src/components/Footer/Footer.tsx": {"path":"/Users/praveenvoruganti/Documents/Portfolio/my-portfolio/src/components/Footer/Footer.tsx","statementMap":{"0":{"start":{"line":5,"column":2},"end":{"line":28,"column":null}},"1":{"start":{"line":14,"column":12},"end":{"line":21,"column":null}}},"fnMap":{"0":{"name":"Footer","decl":{"start":{"line":4,"column":24},"end":{"line":4,"column":33}},"loc":{"start":{"line":4,"column":33},"end":{"line":30,"column":null}},"line":4},"1":{"name":"(anonymous_1)","decl":{"start":{"line":13,"column":38},"end":{"line":13,"column":39}},"loc":{"start":{"line":14,"column":12},"end":{"line":21,"column":null}},"line":14}},"branchMap":{},"s":{"0":1,"1":4},"f":{"0":1,"1":4},"b":{},"meta":{"lastBranch":0,"lastFunction":2,"lastStatement":2,"seen":{"f:4:24:4:33":0,"s:5:2:28:Infinity":0,"f:13:38:13:39":1,"s:14:12:21:Infinity":1}}}
,"/Users/praveenvoruganti/Documents/Portfolio/my-portfolio/src/components/Header/Header.module.scss": {"path":"/Users/praveenvoruganti/Documents/Portfolio/my-portfolio/src/components/Header/Header.module.scss","statementMap":{},"fnMap":{},"branchMap":{},"s":{},"f":{},"b":{},"meta":{"lastBranch":0,"lastFunction":0,"lastStatement":0,"seen":{}}}
,"/Users/praveenvoruganti/Documents/Portfolio/my-portfolio/src/components/Header/Header.tsx": {"path":"/Users/praveenvoruganti/Documents/Portfolio/my-portfolio/src/components/Header/Header.tsx","statementMap":{"0":{"start":{"line":20,"column":30},"end":{"line":20,"column":null}},"1":{"start":{"line":22,"column":23},"end":{"line":24,"column":null}},"2":{"start":{"line":23,"column":4},"end":{"line":23,"column":null}},"3":{"start":{"line":26,"column":20},"end":{"line":26,"column":null}},"4":{"start":{"line":26,"column":26},"end":{"line":26,"column":null}},"5":{"start":{"line":28,"column":2},"end":{"line":60,"column":null}},"6":{"start":{"line":36,"column":31},"end":{"line":36,"column":62}},"7":{"start":{"line":36,"column":62},"end":{"line":36,"column":75}},"8":{"start":{"line":37,"column":31},"end":{"line":37,"column":67}},"9":{"start":{"line":37,"column":67},"end":{"line":37,"column":80}},"10":{"start":{"line":38,"column":31},"end":{"line":38,"column":68}},"11":{"start":{"line":38,"column":68},"end":{"line":38,"column":81}},"12":{"start":{"line":39,"column":31},"end":{"line":39,"column":66}},"13":{"start":{"line":39,"column":66},"end":{"line":39,"column":79}},"14":{"start":{"line":40,"column":31},"end":{"line":40,"column":64}},"15":{"start":{"line":40,"column":64},"end":{"line":40,"column":77}},"16":{"start":{"line":41,"column":31},"end":{"line":41,"column":65}},"17":{"start":{"line":41,"column":65},"end":{"line":41,"column":78}},"18":{"start":{"line":53,"column":31},"end":{"line":53,"column":62}},"19":{"start":{"line":53,"column":62},"end":{"line":53,"column":75}},"20":{"start":{"line":54,"column":31},"end":{"line":54,"column":67}},"21":{"start":{"line":54,"column":67},"end":{"line":54,"column":80}},"22":{"start":{"line":55,"column":31},"end":{"line":55,"column":68}},"23":{"start":{"line":55,"column":68},"end":{"line":55,"column":81}},"24":{"start":{"line":56,"column":31},"end":{"line":56,"column":66}},"25":{"start":{"line":56,"column":66},"end":{"line":56,"column":79}},"26":{"start":{"line":57,"column":31},"end":{"line":57,"column":64}},"27":{"start":{"line":57,"column":64},"end":{"line":57,"column":77}},"28":{"start":{"line":58,"column":31},"end":{"line":58,"column":65}},"29":{"start":{"line":58,"column":65},"end":{"line":58,"column":78}}},"fnMap":{"0":{"name":"Header","decl":{"start":{"line":19,"column":24},"end":{"line":19,"column":31}},"loc":{"start":{"line":19,"column":71},"end":{"line":62,"column":null}},"line":19},"1":{"name":"(anonymous_1)","decl":{"start":{"line":22,"column":23},"end":{"line":22,"column":29}},"loc":{"start":{"line":22,"column":29},"end":{"line":24,"column":null}},"line":22},"2":{"name":"(anonymous_2)","decl":{"start":{"line":26,"column":20},"end":{"line":26,"column":26}},"loc":{"start":{"line":26,"column":26},"end":{"line":26,"column":null}},"line":26},"3":{"name":"(anonymous_3)","decl":{"start":{"line":36,"column":23},"end":{"line":36,"column":29}},"loc":{"start":{"line":36,"column":29},"end":{"line":36,"column":78}},"line":36},"4":{"name":"(anonymous_4)","decl":{"start":{"line":37,"column":23},"end":{"line":37,"column":29}},"loc":{"start":{"line":37,"column":29},"end":{"line":37,"column":83}},"line":37},"5":{"name":"(anonymous_5)","decl":{"start":{"line":38,"column":23},"end":{"line":38,"column":29}},"loc":{"start":{"line":38,"column":29},"end":{"line":38,"column":84}},"line":38},"6":{"name":"(anonymous_6)","decl":{"start":{"line":39,"column":23},"end":{"line":39,"column":29}},"loc":{"start":{"line":39,"column":29},"end":{"line":39,"column":82}},"line":39},"7":{"name":"(anonymous_7)","decl":{"start":{"line":40,"column":23},"end":{"line":40,"column":29}},"loc":{"start":{"line":40,"column":29},"end":{"line":40,"column":80}},"line":40},"8":{"name":"(anonymous_8)","decl":{"start":{"line":41,"column":23},"end":{"line":41,"column":29}},"loc":{"start":{"line":41,"column":29},"end":{"line":41,"column":81}},"line":41},"9":{"name":"(anonymous_9)","decl":{"start":{"line":53,"column":23},"end":{"line":53,"column":29}},"loc":{"start":{"line":53,"column":29},"end":{"line":53,"column":78}},"line":53},"10":{"name":"(anonymous_10)","decl":{"start":{"line":54,"column":23},"end":{"line":54,"column":29}},"loc":{"start":{"line":54,"column":29},"end":{"line":54,"column":83}},"line":54},"11":{"name":"(anonymous_11)","decl":{"start":{"line":55,"column":23},"end":{"line":55,"column":29}},"loc":{"start":{"line":55,"column":29},"end":{"line":55,"column":84}},"line":55},"12":{"name":"(anonymous_12)","decl":{"start":{"line":56,"column":23},"end":{"line":56,"column":29}},"loc":{"start":{"line":56,"column":29},"end":{"line":56,"column":82}},"line":56},"13":{"name":"(anonymous_13)","decl":{"start":{"line":57,"column":23},"end":{"line":57,"column":29}},"loc":{"start":{"line":57,"column":29},"end":{"line":57,"column":80}},"line":57},"14":{"name":"(anonymous_14)","decl":{"start":{"line":58,"column":23},"end":{"line":58,"column":29}},"loc":{"start":{"line":58,"column":29},"end":{"line":58,"column":81}},"line":58}},"branchMap":{"0":{"loc":{"start":{"line":46,"column":25},"end":{"line":46,"column":65}},"type":"cond-expr","locations":[{"start":{"line":46,"column":36},"end":{"line":46,"column":53}},{"start":{"line":46,"column":53},"end":{"line":46,"column":65}}],"line":46},"1":{"loc":{"start":{"line":47,"column":25},"end":{"line":47,"column":65}},"type":"cond-expr","locations":[{"start":{"line":47,"column":36},"end":{"line":47,"column":53}},{"start":{"line":47,"column":53},"end":{"line":47,"column":65}}],"line":47},"2":{"loc":{"start":{"line":48,"column":25},"end":{"line":48,"column":65}},"type":"cond-expr","locations":[{"start":{"line":48,"column":36},"end":{"line":48,"column":53}},{"start":{"line":48,"column":53},"end":{"line":48,"column":65}}],"line":48},"3":{"loc":{"start":{"line":52,"column":46},"end":{"line":52,"column":77}},"type":"cond-expr","locations":[{"start":{"line":52,"column":57},"end":{"line":52,"column":75}},{"start":{"line":52,"column":75},"end":{"line":52,"column":77}}],"line":52}},"s":{"0":6,"1":6,"2":1,"3":6,"4":12,"5":6,"6":1,"7":1,"8":1,"9":1,"10":1,"11":1,"12":1,"13":1,"14":1,"15":1,"16":1,"17":1,"18":1,"19":1,"20":1,"21":1,"22":1,"23":1,"24":1,"25":1,"26":1,"27":1,"28":1,"29":1},"f":{"0":6,"1":1,"2":12,"3":1,"4":1,"5":1,"6":1,"7":1,"8":1,"9":1,"10":1,"11":1,"12":1,"13":1,"14":1},"b":{"0":[1,5],"1":[1,5],"2":[1,5],"3":[1,5]},"meta":{"lastBranch":4,"lastFunction":15,"lastStatement":30,"seen":{"f:19:24:19:31":0,"s:20:30:20:Infinity":0,"s:22:23:24:Infinity":1,"f:22:23:22:29":1,"s:23:4:23:Infinity":2,"s:26:20:26:Infinity":3,"f:26:20:26:26":2,"s:26:26:26:Infinity":4,"s:28:2:60:Infinity":5,"f:36:23:36:29":3,"s:36:31:36:62":6,"s:36:62:36:75":7,"f:37:23:37:29":4,"s:37:31:37:67":8,"s:37:67:37:80":9,"f:38:23:38:29":5,"s:38:31:38:68":10,"s:38:68:38:81":11,"f:39:23:39:29":6,"s:39:31:39:66":12,"s:39:66:39:79":13,"f:40:23:40:29":7,"s:40:31:40:64":14,"s:40:64:40:77":15,"f:41:23:41:29":8,"s:41:31:41:65":16,"s:41:65:41:78":17,"b:46:36:46:53:46:53:46:65":0,"b:47:36:47:53:47:53:47:65":1,"b:48:36:48:53:48:53:48:65":2,"b:52:57:52:75:52:75:52:77":3,"f:53:23:53:29":9,"s:53:31:53:62":18,"s:53:62:53:75":19,"f:54:23:54:29":10,"s:54:31:54:67":20,"s:54:67:54:80":21,"f:55:23:55:29":11,"s:55:31:55:68":22,"s:55:68:55:81":23,"f:56:23:56:29":12,"s:56:31:56:66":24,"s:56:66:56:79":25,"f:57:23:57:29":13,"s:57:31:57:64":26,"s:57:64:57:77":27,"f:58:23:58:29":14,"s:58:31:58:65":28,"s:58:65:58:78":29}}}
,"/Users/praveenvoruganti/Documents/Portfolio/my-portfolio/src/components/SectionWrapper/SectionWrapper.module.scss": {"path":"/Users/praveenvoruganti/Documents/Portfolio/my-portfolio/src/components/SectionWrapper/SectionWrapper.module.scss","statementMap":{},"fnMap":{},"branchMap":{},"s":{},"f":{},"b":{},"meta":{"lastBranch":0,"lastFunction":0,"lastStatement":0,"seen":{}}}
,"/Users/praveenvoruganti/Documents/Portfolio/my-portfolio/src/components/SectionWrapper/SectionWrapper.tsx": {"path":"/Users/praveenvoruganti/Documents/Portfolio/my-portfolio/src/components/SectionWrapper/SectionWrapper.tsx","statementMap":{"0":{"start":{"line":4,"column":2},"end":{"line":7,"column":null}}},"fnMap":{"0":{"name":"SectionWrapper","decl":{"start":{"line":3,"column":24},"end":{"line":3,"column":39}},"loc":{"start":{"line":3,"column":84},"end":{"line":9,"column":null}},"line":3}},"branchMap":{},"s":{"0":1},"f":{"0":1},"b":{},"meta":{"lastBranch":0,"lastFunction":1,"lastStatement":1,"seen":{"f:3:24:3:39":0,"s:4:2:7:Infinity":0}}}
,"/Users/praveenvoruganti/Documents/Portfolio/my-portfolio/src/pages/Contact/Contact.json": {"path":"/Users/praveenvoruganti/Documents/Portfolio/my-portfolio/src/pages/Contact/Contact.json","statementMap":{},"fnMap":{},"branchMap":{},"s":{},"f":{},"b":{},"meta":{"lastBranch":0,"lastFunction":0,"lastStatement":0,"seen":{}}}
,"/Users/praveenvoruganti/Documents/Portfolio/my-portfolio/src/pages/Contact/Contact.module.scss": {"path":"/Users/praveenvoruganti/Documents/Portfolio/my-portfolio/src/pages/Contact/Contact.module.scss","statementMap":{},"fnMap":{},"branchMap":{},"s":{},"f":{},"b":{},"meta":{"lastBranch":0,"lastFunction":0,"lastStatement":0,"seen":{}}}
,"/Users/praveenvoruganti/Documents/Portfolio/my-portfolio/src/pages/Contact/Contact.tsx": {"path":"/Users/praveenvoruganti/Documents/Portfolio/my-portfolio/src/pages/Contact/Contact.tsx","statementMap":{"0":{"start":{"line":8,"column":8},"end":{"line":8,"column":null}},"1":{"start":{"line":9,"column":28},"end":{"line":9,"column":null}},"2":{"start":{"line":11,"column":20},"end":{"line":34,"column":null}},"3":{"start":{"line":12,"column":4},"end":{"line":12,"column":null}},"4":{"start":{"line":14,"column":4},"end":{"line":14,"column":null}},"5":{"start":{"line":14,"column":23},"end":{"line":14,"column":null}},"6":{"start":{"line":16,"column":4},"end":{"line":33,"column":null}},"7":{"start":{"line":25,"column":10},"end":{"line":25,"column":null}},"8":{"start":{"line":26,"column":10},"end":{"line":26,"column":null}},"9":{"start":{"line":27,"column":10},"end":{"line":27,"column":null}},"10":{"start":{"line":30,"column":10},"end":{"line":30,"column":null}},"11":{"start":{"line":31,"column":10},"end":{"line":31,"column":null}},"12":{"start":{"line":36,"column":2},"end":{"line":73,"column":null}},"13":{"start":{"line":51,"column":10},"end":{"line":60,"column":null}}},"fnMap":{"0":{"name":"Contact","decl":{"start":{"line":7,"column":24},"end":{"line":7,"column":34}},"loc":{"start":{"line":7,"column":34},"end":{"line":75,"column":null}},"line":7},"1":{"name":"(anonymous_1)","decl":{"start":{"line":11,"column":20},"end":{"line":11,"column":21}},"loc":{"start":{"line":11,"column":44},"end":{"line":34,"column":null}},"line":11},"2":{"name":"(anonymous_2)","decl":{"start":{"line":24,"column":8},"end":{"line":24,"column":9}},"loc":{"start":{"line":24,"column":20},"end":{"line":28,"column":null}},"line":24},"3":{"name":"(anonymous_3)","decl":{"start":{"line":29,"column":8},"end":{"line":29,"column":9}},"loc":{"start":{"line":29,"column":19},"end":{"line":32,"column":null}},"line":29},"4":{"name":"(anonymous_4)","decl":{"start":{"line":50,"column":25},"end":{"line":50,"column":26}},"loc":{"start":{"line":51,"column":10},"end":{"line":60,"column":null}},"line":51}},"branchMap":{"0":{"loc":{"start":{"line":14,"column":4},"end":{"line":14,"column":null}},"type":"if","locations":[{"start":{"line":14,"column":4},"end":{"line":14,"column":null}},{"start":{},"end":{}}],"line":14},"1":{"loc":{"start":{"line":71,"column":9},"end":{"line":71,"column":null}},"type":"binary-expr","locations":[{"start":{"line":71,"column":9},"end":{"line":71,"column":20}},{"start":{"line":71,"column":20},"end":{"line":71,"column":null}}],"line":71}},"s":{"0":6,"1":6,"2":6,"3":2,"4":2,"5":0,"6":2,"7":1,"8":1,"9":1,"10":1,"11":1,"12":6,"13":24},"f":{"0":6,"1":2,"2":1,"3":1,"4":24},"b":{"0":[0,2],"1":[6,2]},"meta":{"lastBranch":2,"lastFunction":5,"lastStatement":14,"seen":{"f:7:24:7:34":0,"s:8:8:8:Infinity":0,"s:9:28:9:Infinity":1,"s:11:20:34:Infinity":2,"f:11:20:11:21":1,"s:12:4:12:Infinity":3,"b:14:4:14:Infinity:undefined:undefined:undefined:undefined":0,"s:14:4:14:Infinity":4,"s:14:23:14:Infinity":5,"s:16:4:33:Infinity":6,"f:24:8:24:9":2,"s:25:10:25:Infinity":7,"s:26:10:26:Infinity":8,"s:27:10:27:Infinity":9,"f:29:8:29:9":3,"s:30:10:30:Infinity":10,"s:31:10:31:Infinity":11,"s:36:2:73:Infinity":12,"f:50:25:50:26":4,"s:51:10:60:Infinity":13,"b:71:9:71:20:71:20:71:Infinity":1}}}
,"/Users/praveenvoruganti/Documents/Portfolio/my-portfolio/src/pages/Education/Education.json": {"path":"/Users/praveenvoruganti/Documents/Portfolio/my-portfolio/src/pages/Education/Education.json","statementMap":{},"fnMap":{},"branchMap":{},"s":{},"f":{},"b":{},"meta":{"lastBranch":0,"lastFunction":0,"lastStatement":0,"seen":{}}}
,"/Users/praveenvoruganti/Documents/Portfolio/my-portfolio/src/pages/Education/Education.module.scss": {"path":"/Users/praveenvoruganti/Documents/Portfolio/my-portfolio/src/pages/Education/Education.module.scss","statementMap":{},"fnMap":{},"branchMap":{},"s":{},"f":{},"b":{},"meta":{"lastBranch":0,"lastFunction":0,"lastStatement":0,"seen":{}}}
,"/Users/praveenvoruganti/Documents/Portfolio/my-portfolio/src/pages/Education/Education.tsx": {"path":"/Users/praveenvoruganti/Documents/Portfolio/my-portfolio/src/pages/Education/Education.tsx","statementMap":{"0":{"start":{"line":7,"column":2},"end":{"line":53,"column":null}},"1":{"start":{"line":21,"column":25},"end":{"line":21,"column":null}},"2":{"start":{"line":23,"column":10},"end":{"line":49,"column":null}}},"fnMap":{"0":{"name":"Education","decl":{"start":{"line":6,"column":24},"end":{"line":6,"column":36}},"loc":{"start":{"line":6,"column":36},"end":{"line":55,"column":null}},"line":6},"1":{"name":"(anonymous_1)","decl":{"start":{"line":20,"column":27},"end":{"line":20,"column":28}},"loc":{"start":{"line":20,"column":44},"end":{"line":51,"column":9}},"line":20}},"branchMap":{"0":{"loc":{"start":{"line":27,"column":16},"end":{"line":27,"column":null}},"type":"cond-expr","locations":[{"start":{"line":27,"column":25},"end":{"line":27,"column":39}},{"start":{"line":27,"column":39},"end":{"line":27,"column":null}}],"line":27}},"s":{"0":1,"1":4,"2":4},"f":{"0":1,"1":4},"b":{"0":[2,2]},"meta":{"lastBranch":1,"lastFunction":2,"lastStatement":3,"seen":{"f:6:24:6:36":0,"s:7:2:53:Infinity":0,"f:20:27:20:28":1,"s:21:25:21:Infinity":1,"s:23:10:49:Infinity":2,"b:27:25:27:39:27:39:27:Infinity":0}}}
,"/Users/praveenvoruganti/Documents/Portfolio/my-portfolio/src/pages/Experience/Experience.json": {"path":"/Users/praveenvoruganti/Documents/Portfolio/my-portfolio/src/pages/Experience/Experience.json","statementMap":{},"fnMap":{},"branchMap":{},"s":{},"f":{},"b":{},"meta":{"lastBranch":0,"lastFunction":0,"lastStatement":0,"seen":{}}}
,"/Users/praveenvoruganti/Documents/Portfolio/my-portfolio/src/pages/Experience/Experience.module.scss": {"path":"/Users/praveenvoruganti/Documents/Portfolio/my-portfolio/src/pages/Experience/Experience.module.scss","statementMap":{},"fnMap":{},"branchMap":{},"s":{},"f":{},"b":{},"meta":{"lastBranch":0,"lastFunction":0,"lastStatement":0,"seen":{}}}
,"/Users/praveenvoruganti/Documents/Portfolio/my-portfolio/src/pages/Experience/Experience.tsx": {"path":"/Users/praveenvoruganti/Documents/Portfolio/my-portfolio/src/pages/Experience/Experience.tsx","statementMap":{"0":{"start":{"line":7,"column":2},"end":{"line":44,"column":null}},"1":{"start":{"line":20,"column":10},"end":{"line":41,"column":null}},"2":{"start":{"line":37,"column":18},"end":{"line":37,"column":null}}},"fnMap":{"0":{"name":"Experience","decl":{"start":{"line":6,"column":24},"end":{"line":6,"column":37}},"loc":{"start":{"line":6,"column":37},"end":{"line":46,"column":null}},"line":6},"1":{"name":"(anonymous_1)","decl":{"start":{"line":19,"column":28},"end":{"line":19,"column":29}},"loc":{"start":{"line":20,"column":10},"end":{"line":41,"column":null}},"line":20},"2":{"name":"(anonymous_2)","decl":{"start":{"line":36,"column":42},"end":{"line":36,"column":43}},"loc":{"start":{"line":37,"column":18},"end":{"line":37,"column":null}},"line":37}},"branchMap":{"0":{"loc":{"start":{"line":23,"column":38},"end":{"line":23,"column":67}},"type":"cond-expr","locations":[{"start":{"line":23,"column":56},"end":{"line":23,"column":63}},{"start":{"line":23,"column":63},"end":{"line":23,"column":67}}],"line":23}},"s":{"0":1,"1":3,"2":14},"f":{"0":1,"1":3,"2":14},"b":{"0":[2,1]},"meta":{"lastBranch":1,"lastFunction":3,"lastStatement":3,"seen":{"f:6:24:6:37":0,"s:7:2:44:Infinity":0,"f:19:28:19:29":1,"s:20:10:41:Infinity":1,"b:23:56:23:63:23:63:23:67":0,"f:36:42:36:43":2,"s:37:18:37:Infinity":2}}}
,"/Users/praveenvoruganti/Documents/Portfolio/my-portfolio/src/pages/Home/Home.json": {"path":"/Users/praveenvoruganti/Documents/Portfolio/my-portfolio/src/pages/Home/Home.json","statementMap":{},"fnMap":{},"branchMap":{},"s":{},"f":{},"b":{},"meta":{"lastBranch":0,"lastFunction":0,"lastStatement":0,"seen":{}}}
,"/Users/praveenvoruganti/Documents/Portfolio/my-portfolio/src/pages/Home/Home.module.scss": {"path":"/Users/praveenvoruganti/Documents/Portfolio/my-portfolio/src/pages/Home/Home.module.scss","statementMap":{},"fnMap":{},"branchMap":{},"s":{},"f":{},"b":{},"meta":{"lastBranch":0,"lastFunction":0,"lastStatement":0,"seen":{}}}
,"/Users/praveenvoruganti/Documents/Portfolio/my-portfolio/src/pages/Home/Home.tsx": {"path":"/Users/praveenvoruganti/Documents/Portfolio/my-portfolio/src/pages/Home/Home.tsx","statementMap":{"0":{"start":{"line":8,"column":32},"end":{"line":8,"column":null}},"1":{"start":{"line":10,"column":2},"end":{"line":20,"column":null}},"2":{"start":{"line":11,"column":16},"end":{"line":11,"column":null}},"3":{"start":{"line":12,"column":18},"end":{"line":12,"column":null}},"4":{"start":{"line":13,"column":21},"end":{"line":17,"column":null}},"5":{"start":{"line":14,"column":6},"end":{"line":14,"column":null}},"6":{"start":{"line":14,"column":29},"end":{"line":14,"column":66}},"7":{"start":{"line":15,"column":6},"end":{"line":15,"column":null}},"8":{"start":{"line":16,"column":6},"end":{"line":16,"column":null}},"9":{"start":{"line":16,"column":44},"end":{"line":16,"column":null}},"10":{"start":{"line":19,"column":4},"end":{"line":19,"column":null}},"11":{"start":{"line":19,"column":17},"end":{"line":19,"column":null}},"12":{"start":{"line":23,"column":23},"end":{"line":28,"column":null}},"13":{"start":{"line":24,"column":20},"end":{"line":24,"column":null}},"14":{"start":{"line":25,"column":4},"end":{"line":27,"column":null}},"15":{"start":{"line":26,"column":6},"end":{"line":26,"column":null}},"16":{"start":{"line":30,"column":2},"end":{"line":90,"column":null}}},"fnMap":{"0":{"name":"Home","decl":{"start":{"line":7,"column":24},"end":{"line":7,"column":31}},"loc":{"start":{"line":7,"column":31},"end":{"line":92,"column":null}},"line":7},"1":{"name":"(anonymous_1)","decl":{"start":{"line":10,"column":12},"end":{"line":10,"column":18}},"loc":{"start":{"line":10,"column":18},"end":{"line":20,"column":5}},"line":10},"2":{"name":"(anonymous_2)","decl":{"start":{"line":13,"column":33},"end":{"line":13,"column":39}},"loc":{"start":{"line":13,"column":39},"end":{"line":17,"column":7}},"line":13},"3":{"name":"(anonymous_3)","decl":{"start":{"line":14,"column":19},"end":{"line":14,"column":20}},"loc":{"start":{"line":14,"column":29},"end":{"line":14,"column":66}},"line":14},"4":{"name":"(anonymous_4)","decl":{"start":{"line":19,"column":11},"end":{"line":19,"column":17}},"loc":{"start":{"line":19,"column":17},"end":{"line":19,"column":null}},"line":19},"5":{"name":"(anonymous_5)","decl":{"start":{"line":23,"column":23},"end":{"line":23,"column":29}},"loc":{"start":{"line":23,"column":29},"end":{"line":28,"column":null}},"line":23}},"branchMap":{"0":{"loc":{"start":{"line":16,"column":6},"end":{"line":16,"column":null}},"type":"if","locations":[{"start":{"line":16,"column":6},"end":{"line":16,"column":null}},{"start":{},"end":{}}],"line":16},"1":{"loc":{"start":{"line":25,"column":4},"end":{"line":27,"column":null}},"type":"if","locations":[{"start":{"line":25,"column":4},"end":{"line":27,"column":null}},{"start":{},"end":{}}],"line":25}},"s":{"0":5,"1":5,"2":4,"3":4,"4":4,"5":173,"6":173,"7":173,"8":173,"9":1,"10":4,"11":4,"12":5,"13":2,"14":2,"15":1,"16":5},"f":{"0":5,"1":4,"2":173,"3":173,"4":4,"5":2},"b":{"0":[1,172],"1":[1,1]},"meta":{"lastBranch":2,"lastFunction":6,"lastStatement":17,"seen":{"f:7:24:7:31":0,"s:8:32:8:Infinity":0,"s:10:2:20:Infinity":1,"f:10:12:10:18":1,"s:11:16:11:Infinity":2,"s:12:18:12:Infinity":3,"s:13:21:17:Infinity":4,"f:13:33:13:39":2,"s:14:6:14:Infinity":5,"f:14:19:14:20":3,"s:14:29:14:66":6,"s:15:6:15:Infinity":7,"b:16:6:16:Infinity:undefined:undefined:undefined:undefined":0,"s:16:6:16:Infinity":8,"s:16:44:16:Infinity":9,"s:19:4:19:Infinity":10,"f:19:11:19:17":4,"s:19:17:19:Infinity":11,"s:23:23:28:Infinity":12,"f:23:23:23:29":5,"s:24:20:24:Infinity":13,"b:25:4:27:Infinity:undefined:undefined:undefined:undefined":1,"s:25:4:27:Infinity":14,"s:26:6:26:Infinity":15,"s:30:2:90:Infinity":16}}}
,"/Users/praveenvoruganti/Documents/Portfolio/my-portfolio/src/pages/Projects/Projects.json": {"path":"/Users/praveenvoruganti/Documents/Portfolio/my-portfolio/src/pages/Projects/Projects.json","statementMap":{},"fnMap":{},"branchMap":{},"s":{},"f":{},"b":{},"meta":{"lastBranch":0,"lastFunction":0,"lastStatement":0,"seen":{}}}
,"/Users/praveenvoruganti/Documents/Portfolio/my-portfolio/src/pages/Projects/Projects.module.scss": {"path":"/Users/praveenvoruganti/Documents/Portfolio/my-portfolio/src/pages/Projects/Projects.module.scss","statementMap":{},"fnMap":{},"branchMap":{},"s":{},"f":{},"b":{},"meta":{"lastBranch":0,"lastFunction":0,"lastStatement":0,"seen":{}}}
,"/Users/praveenvoruganti/Documents/Portfolio/my-portfolio/src/pages/Projects/Projects.tsx": {"path":"/Users/praveenvoruganti/Documents/Portfolio/my-portfolio/src/pages/Projects/Projects.tsx","statementMap":{"0":{"start":{"line":8,"column":2},"end":{"line":44,"column":null}},"1":{"start":{"line":19,"column":10},"end":{"line":40,"column":null}}},"fnMap":{"0":{"name":"Projects","decl":{"start":{"line":7,"column":24},"end":{"line":7,"column":35}},"loc":{"start":{"line":7,"column":35},"end":{"line":46,"column":null}},"line":7},"1":{"name":"(anonymous_1)","decl":{"start":{"line":18,"column":26},"end":{"line":18,"column":27}},"loc":{"start":{"line":19,"column":10},"end":{"line":40,"column":null}},"line":19}},"branchMap":{},"s":{"0":1,"1":6},"f":{"0":1,"1":6},"b":{},"meta":{"lastBranch":0,"lastFunction":2,"lastStatement":2,"seen":{"f:7:24:7:35":0,"s:8:2:44:Infinity":0,"f:18:26:18:27":1,"s:19:10:40:Infinity":1}}}
,"/Users/praveenvoruganti/Documents/Portfolio/my-portfolio/src/pages/Skills/Skills.json": {"path":"/Users/praveenvoruganti/Documents/Portfolio/my-portfolio/src/pages/Skills/Skills.json","statementMap":{},"fnMap":{},"branchMap":{},"s":{},"f":{},"b":{},"meta":{"lastBranch":0,"lastFunction":0,"lastStatement":0,"seen":{}}}
,"/Users/praveenvoruganti/Documents/Portfolio/my-portfolio/src/pages/Skills/Skills.module.scss": {"path":"/Users/praveenvoruganti/Documents/Portfolio/my-portfolio/src/pages/Skills/Skills.module.scss","statementMap":{},"fnMap":{},"branchMap":{},"s":{},"f":{},"b":{},"meta":{"lastBranch":0,"lastFunction":0,"lastStatement":0,"seen":{}}}
,"/Users/praveenvoruganti/Documents/Portfolio/my-portfolio/src/pages/Skills/Skills.tsx": {"path":"/Users/praveenvoruganti/Documents/Portfolio/my-portfolio/src/pages/Skills/Skills.tsx","statementMap":{"0":{"start":{"line":6,"column":42},"end":{"line":6,"column":null}},"1":{"start":{"line":8,"column":20},"end":{"line":10,"column":null}},"2":{"start":{"line":9,"column":4},"end":{"line":9,"column":null}},"3":{"start":{"line":9,"column":31},"end":{"line":9,"column":64}},"4":{"start":{"line":13,"column":4},"end":{"line":15,"column":null}},"5":{"start":{"line":15,"column":36},"end":{"line":15,"column":69}},"6":{"start":{"line":17,"column":2},"end":{"line":54,"column":null}},"7":{"start":{"line":27,"column":25},"end":{"line":27,"column":null}},"8":{"start":{"line":33,"column":10},"end":{"line":41,"column":null}},"9":{"start":{"line":38,"column":27},"end":{"line":38,"column":null}},"10":{"start":{"line":48,"column":10},"end":{"line":51,"column":null}}},"fnMap":{"0":{"name":"Skills","decl":{"start":{"line":5,"column":24},"end":{"line":5,"column":33}},"loc":{"start":{"line":5,"column":33},"end":{"line":56,"column":null}},"line":5},"1":{"name":"(anonymous_1)","decl":{"start":{"line":8,"column":44},"end":{"line":8,"column":45}},"loc":{"start":{"line":9,"column":4},"end":{"line":9,"column":null}},"line":9},"2":{"name":"(anonymous_2)","decl":{"start":{"line":9,"column":19},"end":{"line":9,"column":20}},"loc":{"start":{"line":9,"column":31},"end":{"line":9,"column":64}},"line":9},"3":{"name":"(anonymous_3)","decl":{"start":{"line":15,"column":25},"end":{"line":15,"column":26}},"loc":{"start":{"line":15,"column":36},"end":{"line":15,"column":69}},"line":15},"4":{"name":"(anonymous_4)","decl":{"start":{"line":27,"column":19},"end":{"line":27,"column":25}},"loc":{"start":{"line":27,"column":25},"end":{"line":27,"column":null}},"line":27},"5":{"name":"(anonymous_5)","decl":{"start":{"line":32,"column":29},"end":{"line":32,"column":30}},"loc":{"start":{"line":33,"column":10},"end":{"line":41,"column":null}},"line":33},"6":{"name":"(anonymous_6)","decl":{"start":{"line":38,"column":21},"end":{"line":38,"column":27}},"loc":{"start":{"line":38,"column":27},"end":{"line":38,"column":null}},"line":38},"7":{"name":"(anonymous_7)","decl":{"start":{"line":47,"column":28},"end":{"line":47,"column":29}},"loc":{"start":{"line":48,"column":10},"end":{"line":51,"column":null}},"line":48}},"branchMap":{"0":{"loc":{"start":{"line":13,"column":4},"end":{"line":15,"column":null}},"type":"cond-expr","locations":[{"start":{"line":14,"column":8},"end":{"line":14,"column":null}},{"start":{"line":15,"column":8},"end":{"line":15,"column":null}}],"line":13},"1":{"loc":{"start":{"line":25,"column":12},"end":{"line":25,"column":null}},"type":"cond-expr","locations":[{"start":{"line":25,"column":39},"end":{"line":25,"column":55}},{"start":{"line":25,"column":55},"end":{"line":25,"column":null}}],"line":25},"2":{"loc":{"start":{"line":36,"column":14},"end":{"line":36,"column":null}},"type":"cond-expr","locations":[{"start":{"line":36,"column":44},"end":{"line":36,"column":60}},{"start":{"line":36,"column":60},"end":{"line":36,"column":null}}],"line":36}},"s":{"0":4,"1":4,"2":32,"3":144,"4":4,"5":36,"6":4,"7":1,"8":32,"9":1,"10":117},"f":{"0":4,"1":32,"2":144,"3":36,"4":1,"5":32,"6":1,"7":117},"b":{"0":[3,1],"1":[3,1],"2":[1,31]},"meta":{"lastBranch":3,"lastFunction":8,"lastStatement":11,"seen":{"f:5:24:5:33":0,"s:6:42:6:Infinity":0,"s:8:20:10:Infinity":1,"f:8:44:8:45":1,"s:9:4:9:Infinity":2,"f:9:19:9:20":2,"s:9:31:9:64":3,"s:13:4:15:Infinity":4,"b:14:8:14:Infinity:15:8:15:Infinity":0,"f:15:25:15:26":3,"s:15:36:15:69":5,"s:17:2:54:Infinity":6,"b:25:39:25:55:25:55:25:Infinity":1,"f:27:19:27:25":4,"s:27:25:27:Infinity":7,"f:32:29:32:30":5,"s:33:10:41:Infinity":8,"b:36:44:36:60:36:60:36:Infinity":2,"f:38:21:38:27":6,"s:38:27:38:Infinity":9,"f:47:28:47:29":7,"s:48:10:51:Infinity":10}}}
}
